Log file open, 10/31/17 11:15:28
LogWindows: Failed to load 'aqProf.dll' (GetLastError=126)
LogWindows: File 'aqProf.dll' does not exist
LogWindows: Failed to load 'VSPerf140.dll' (GetLastError=126)
LogWindows: File 'VSPerf140.dll' does not exist
LogWindows: Failed to load 'VtuneApi.dll' (GetLastError=126)
LogWindows: File 'VtuneApi.dll' does not exist
LogWindows: Failed to load 'VtuneApi32e.dll' (GetLastError=126)
LogWindows: File 'VtuneApi32e.dll' does not exist
LogInit: Display: Running engine for game: MA_BP
LogPlatformFile: Not using cached read wrapper
LogInit: Display: RandInit(-1171921672) SRandInit(-1171921672).
LogTaskGraph: Started task graph with 5 named threads and 14 total threads with 3 sets of task threads.
LogStats: Stats thread started at 0.171188
LogD3D11RHI: Aftermath initialized
LogPluginManager: Mounting plugin Paper2D
LogPluginManager: Mounting plugin LightPropagationVolume
LogPluginManager: Mounting plugin CodeLiteSourceCodeAccess
LogPluginManager: Mounting plugin GitSourceControl
LogPluginManager: Mounting plugin KDevelopSourceCodeAccess
LogPluginManager: Mounting plugin NullSourceCodeAccess
LogPluginManager: Mounting plugin PerforceSourceControl
LogPluginManager: Mounting plugin SubversionSourceControl
LogPluginManager: Mounting plugin UObjectPlugin
LogPluginManager: Mounting plugin VisualStudioSourceCodeAccess
LogPluginManager: Mounting plugin XCodeSourceCodeAccess
LogPluginManager: Mounting plugin AssetManagerEditor
LogPluginManager: Mounting plugin AudioCapture
LogPluginManager: Mounting plugin FacialAnimation
LogPluginManager: Mounting plugin GameplayTagsEditor
LogPluginManager: Mounting plugin MobileLauncherProfileWizard
LogPluginManager: Mounting plugin PluginBrowser
LogPluginManager: Mounting plugin SpeedTreeImporter
LogPluginManager: Mounting plugin AlembicImporter
LogPluginManager: Mounting plugin CharacterAI
LogPluginManager: Mounting plugin HTML5Networking
LogPluginManager: Mounting plugin AndroidMedia
LogPluginManager: Mounting plugin AvfMedia
LogPluginManager: Mounting plugin MediaPlayerEditor
LogPluginManager: Mounting plugin WmfMedia
LogPluginManager: Mounting plugin TcpMessaging
LogPluginManager: Mounting plugin UdpMessaging
LogPluginManager: Mounting plugin LevelSequenceEditor
LogPluginManager: Mounting plugin MatineeToLevelSequence
LogPluginManager: Mounting plugin OnlineSubsystemGooglePlay
LogPluginManager: Mounting plugin OnlineSubsystemIOS
LogPluginManager: Mounting plugin OnlineSubsystem
LogPluginManager: Mounting plugin OnlineSubsystemNull
LogPluginManager: Mounting plugin OnlineSubsystemUtils
LogPluginManager: Mounting plugin AndroidDeviceProfileSelector
LogPluginManager: Mounting plugin AndroidMoviePlayer
LogPluginManager: Mounting plugin AndroidPermission
LogPluginManager: Mounting plugin AppleMoviePlayer
LogPluginManager: Mounting plugin ArchVisCharacter
LogPluginManager: Mounting plugin CableComponent
LogPluginManager: Mounting plugin CustomMeshComponent
LogPluginManager: Mounting plugin ExampleDeviceProfileSelector
LogPluginManager: Mounting plugin GoogleCloudMessaging
LogPluginManager: Mounting plugin ImmediatePhysics
LogPluginManager: Mounting plugin IOSDeviceProfileSelector
LogPluginManager: Mounting plugin LinuxDeviceProfileSelector
LogPluginManager: Mounting plugin LocationServicesBPLibrary
LogPluginManager: Mounting plugin MobilePatchingUtils
LogPluginManager: Mounting plugin OculusVR
LogPluginManager: Mounting plugin PhysXVehicles
LogPluginManager: Mounting plugin ProceduralMeshComponent
LogPluginManager: Mounting plugin RuntimePhysXCooking
LogPluginManager: Mounting plugin SteamVR
LogPluginManager: Mounting plugin WindowsMoviePlayer
LogInit: Using libcurl 7.47.1
LogInit:  - built for x86_64-pc-win32
LogInit:  - supports SSL with OpenSSL/1.0.2g
LogInit:  - supports HTTP deflate (compression) using libz 1.2.8
LogInit:  - other features:
LogInit:      CURL_VERSION_SSL
LogInit:      CURL_VERSION_LIBZ
LogInit:      CURL_VERSION_IPV6
LogInit:      CURL_VERSION_ASYNCHDNS
LogInit:      CURL_VERSION_LARGEFILE
LogInit:      CURL_VERSION_IDN
LogInit:  CurlRequestOptions (configurable via config and command line):
LogInit:  - bVerifyPeer = false  - Libcurl will NOT verify peer certificate
LogInit:  - bUseHttpProxy = false  - Libcurl will NOT use HTTP proxy
LogInit:  - bDontReuseConnections = false  - Libcurl will reuse connections
LogInit:  - CertBundlePath = nullptr  - Libcurl will use whatever was configured at build time.
LogInit: Build: ++UE4+Release-4.17-CL-3658906
LogInit: Engine Version: 4.17.2-3658906+++UE4+Release-4.17
LogInit: Compatible Engine Version: 4.17.0-3573198+++UE4+Release-4.17
LogInit: Net CL: 3573198
LogDevObjectVersion: Number of dev versions registered: 16
LogDevObjectVersion:   Dev-Blueprints (B0D832E4-1F89-4F0D-ACCF-7EB736FD4AA2): 10
LogDevObjectVersion:   Dev-Build (E1C64328-A22C-4D53-A36C-8E866417BD8C): 0
LogDevObjectVersion:   Dev-Core (375EC13C-06E4-48FB-B500-84F0262A717E): 2
LogDevObjectVersion:   Dev-Editor (E4B068ED-F494-42E9-A231-DA0B2E46BB41): 20
LogDevObjectVersion:   Dev-Framework (CFFC743F-43B0-4480-9391-14DF171D2073): 28
LogDevObjectVersion:   Dev-Mobile (B02B49B5-BB20-44E9-A304-32B752E40360): 0
LogDevObjectVersion:   Dev-Networking (A4E4105C-59A1-49B5-A7C5-40C4547EDFEE): 0
LogDevObjectVersion:   Dev-Online (39C831C9-5AE6-47DC-9A44-9C173E1C8E7C): 0
LogDevObjectVersion:   Dev-Physics (78F01B33-EBEA-4F98-B9B4-84EACCB95AA2): 0
LogDevObjectVersion:   Dev-Platform (6631380F-2D4D-43E0-8009-CF276956A95A): 0
LogDevObjectVersion:   Dev-Rendering (12F88B9F-8875-4AFC-A67C-D90C383ABD29): 19
LogDevObjectVersion:   Dev-Sequencer (7B5AE74C-D270-4C10-A958-57980B212A5A): 4
LogDevObjectVersion:   Dev-VR (D7296918-1DD6-4BDD-9DE2-64A83CC13884): 0
LogDevObjectVersion:   Dev-LoadTimes (C2A15278-BFE7-4AFE-6C17-90FF531DF755): 1
LogDevObjectVersion:   Private-Geometry (6EACA3D4-40EC-4CC1-B786-8BED09428FC5): 1
LogDevObjectVersion:   Dev-AnimPhys (29E575DD-E0A3-4627-9D10-D276232CDCEA): 7
LogInit: Compiled (64-bit): Sep 22 2017 13:47:16
LogInit: Compiled with Visual C++: 19.00.24215.01
LogInit: Build Configuration: Development
LogInit: Branch Name: ++UE4+Release-4.17
LogInit: Command line: -EpicPortal 
LogInit: Base directory: C:/Program Files/Epic Games/UE_4.17/Engine/Binaries/Win64/
LogInit: Installed Engine Build: 1
LogInit: Presizing for max 8388607 objects, including 0 objects not considered by GC, pre-allocating 0 bytes for permanent pool.
LogInit: Object subsystem initialized
[2017.10.31-11.15.29:625][  0]LogInit: Selected Device Profile: [Windows]
[2017.10.31-11.15.29:625][  0]LogInit: Applying CVar settings loaded from the selected device profile: [Windows]
[2017.10.31-11.15.29:637][  0]LogInit: Computer: DESKTOP-UTLPHC3
[2017.10.31-11.15.29:637][  0]LogInit: User: Leszek
[2017.10.31-11.15.29:637][  0]LogInit: CPU Page size=4096, Cores=4
[2017.10.31-11.15.29:637][  0]LogInit: High frequency timer resolution =2.742188 MHz
[2017.10.31-11.15.29:637][  0]LogMemory: Memory total: Physical=15.9GB (16GB approx)
[2017.10.31-11.15.29:637][  0]LogMemory: Platform Memory Stats for Windows
[2017.10.31-11.15.29:637][  0]LogMemory: Process Physical Memory: 277.94 MB used, 277.94 MB peak
[2017.10.31-11.15.29:637][  0]LogMemory: Process Virtual Memory: 274.40 MB used, 274.40 MB peak
[2017.10.31-11.15.29:637][  0]LogMemory: Physical Memory: 6607.73 MB used,  9628.22 MB free, 16235.95 MB total
[2017.10.31-11.15.29:637][  0]LogMemory: Virtual Memory: 668.78 MB used,  9628.22 MB free, 134217728.00 MB total
[2017.10.31-11.15.30:143][  0]LogInit: Using OS detected language (en-US).
[2017.10.31-11.15.30:143][  0]LogInit: Using OS detected locale (en-GB).
[2017.10.31-11.15.30:147][  0]LogTextLocalizationManager: No specific localization for 'en-US' exists, so the 'en' localization will be used.
[2017.10.31-11.15.30:969][  0]LogD3D11RHI: D3D11 adapters:
[2017.10.31-11.15.31:862][  0]LogD3D11RHI:    0. 'NVIDIA GeForce GTX 1050' (Feature Level 11_0)
[2017.10.31-11.15.31:862][  0]LogD3D11RHI:       4031/0/8117 MB DedicatedVideo/DedicatedSystem/SharedSystem, Outputs:2, VendorId:0x10de
[2017.10.31-11.15.31:869][  0]LogD3D11RHI:    1. 'Intel(R) HD Graphics 630' (Feature Level 11_0)
[2017.10.31-11.15.31:869][  0]LogD3D11RHI:       128/0/8117 MB DedicatedVideo/DedicatedSystem/SharedSystem, Outputs:0, VendorId:0x8086
[2017.10.31-11.15.31:870][  0]LogD3D11RHI:    2. 'Microsoft Basic Render Driver' (Feature Level 11_0)
[2017.10.31-11.15.31:870][  0]LogD3D11RHI:       0/0/8117 MB DedicatedVideo/DedicatedSystem/SharedSystem, Outputs:0, VendorId:0x1414
[2017.10.31-11.15.31:870][  0]LogD3D11RHI: Chosen D3D11 Adapter: 0
[2017.10.31-11.15.31:882][  0]LogD3D11RHI: Creating new Direct3DDevice
[2017.10.31-11.15.31:882][  0]LogD3D11RHI:     GPU DeviceId: 0x1c8d (for the marketing name, search the web for "GPU Device Id")
[2017.10.31-11.15.31:882][  0]LogWindows: EnumDisplayDevices:
[2017.10.31-11.15.31:882][  0]LogWindows:    0. 'Intel(R) HD Graphics 630' (P:1 D:1)
[2017.10.31-11.15.31:882][  0]LogWindows:    1. 'Intel(R) HD Graphics 630' (P:0 D:1)
[2017.10.31-11.15.31:882][  0]LogWindows:    2. 'Intel(R) HD Graphics 630' (P:0 D:0)
[2017.10.31-11.15.31:882][  0]LogWindows: DebugString: PrimaryIsNotTheChoosenAdapter PrimaryIsNotTheChoosenAdapter PrimaryIsNotTheChoosenAdapter FoundDriverCount:0 
[2017.10.31-11.15.31:882][  0]LogD3D11RHI:     Adapter Name: NVIDIA GeForce GTX 1050
[2017.10.31-11.15.31:882][  0]LogD3D11RHI:   Driver Version: Unknown (internal:Unknown, unified:Unknown)
[2017.10.31-11.15.31:882][  0]LogD3D11RHI:      Driver Date: Unknown
[2017.10.31-11.15.31:882][  0]LogRHI: Texture pool is 1361 MB (70% of 1945 MB)
[2017.10.31-11.15.31:907][  0]LogD3D11RHI: Async texture creation enabled
[2017.10.31-11.15.31:918][  0]LogD3D11RHI: GPU Timing Frequency: 1000.000000 (Debug: 2 1)
[2017.10.31-11.15.31:919][  0]LogShaderCompilers: Guid format shader working directory is -22 characters bigger than the processId version (../../../../../../Users/Leszek/Documents/Unreal Projects/MA_BP/MA_BP/Intermediate/Shaders/WorkingDirectory/10624/).
[2017.10.31-11.15.31:920][  0]LogShaderCompilers: Cleaned the shader compiler working directory 'C:/Users/Leszek/AppData/Local/Temp/UnrealShaderWorkingDir/9B3994164B3CBC466D9A66875C328E83/'.
[2017.10.31-11.15.31:920][  0]LogShaderCompilers: Display: Using Local Shader Compiler.
[2017.10.31-11.15.32:982][  0]LogTemp: Display: Loaded TP AllDesktopTargetPlatform
[2017.10.31-11.15.33:057][  0]LogTemp: Display: Loaded TP MacClientTargetPlatform
[2017.10.31-11.15.33:132][  0]LogTemp: Display: Loaded TP MacNoEditorTargetPlatform
[2017.10.31-11.15.33:210][  0]LogTemp: Display: Loaded TP MacServerTargetPlatform
[2017.10.31-11.15.33:285][  0]LogTemp: Display: Loaded TP MacTargetPlatform
[2017.10.31-11.15.33:361][  0]LogTemp: Display: Loaded TP WindowsClientTargetPlatform
[2017.10.31-11.15.33:444][  0]LogTemp: Display: Loaded TP WindowsNoEditorTargetPlatform
[2017.10.31-11.15.33:523][  0]LogTemp: Display: Loaded TP WindowsServerTargetPlatform
[2017.10.31-11.15.33:591][  0]LogTemp: Display: Loaded TP WindowsTargetPlatform
[2017.10.31-11.15.33:672][  0]LogTemp: Display: Loaded TP AndroidTargetPlatform
[2017.10.31-11.15.33:749][  0]LogTemp: Display: Loaded TP Android_ASTCTargetPlatform
[2017.10.31-11.15.33:821][  0]LogTemp: Display: Loaded TP Android_ATCTargetPlatform
[2017.10.31-11.15.33:896][  0]LogTemp: Display: Loaded TP Android_DXTTargetPlatform
[2017.10.31-11.15.33:979][  0]LogTemp: Display: Loaded TP Android_ETC1TargetPlatform
[2017.10.31-11.15.34:071][  0]LogTemp: Display: Loaded TP Android_ETC2TargetPlatform
[2017.10.31-11.15.34:272][  0]LogTemp: Display: Loaded TP Android_MultiTargetPlatform
[2017.10.31-11.15.34:272][  0]LogTemp: Display: Loaded TP Android_PVRTCTargetPlatform
[2017.10.31-11.15.34:360][  0]LogTemp: Display: Loaded TP HTML5TargetPlatform
[2017.10.31-11.15.34:494][  0]LogTemp: Display: Loaded TP IOSTargetPlatform
[2017.10.31-11.15.34:550][  0]LogTemp: Display: Loaded TP TVOSTargetPlatform
[2017.10.31-11.15.34:653][  0]LogTemp: Display: Loaded TP LinuxClientTargetPlatform
[2017.10.31-11.15.34:772][  0]LogTemp: Display: Loaded TP LinuxNoEditorTargetPlatform
[2017.10.31-11.15.34:871][  0]LogTemp: Display: Loaded TP LinuxServerTargetPlatform
[2017.10.31-11.15.34:955][  0]LogTemp: Display: Loaded TP LinuxTargetPlatform
[2017.10.31-11.15.34:955][  0]LogTargetPlatformManager: Display: Building Assets For Windows
[2017.10.31-11.15.35:814][  0]LogDerivedDataCache: Display: Max Cache Size: 512 MB
[2017.10.31-11.15.35:916][  0]LogDerivedDataCache: Loaded boot cache 0.10s 93MB C:/Users/Leszek/AppData/Local/UnrealEngine/4.17/DerivedDataCache/Boot.ddc.
[2017.10.31-11.15.35:916][  0]LogDerivedDataCache: Display: Loaded Boot cache: C:/Users/Leszek/AppData/Local/UnrealEngine/4.17/DerivedDataCache/Boot.ddc
[2017.10.31-11.15.35:916][  0]LogDerivedDataCache: FDerivedDataBackendGraph:  Pak pak cache file ../../../../../../Users/Leszek/Documents/Unreal Projects/MA_BP/MA_BP/DerivedDataCache/DDC.ddp not found, will not use a pak cache.
[2017.10.31-11.15.35:916][  0]LogDerivedDataCache: Unable to find inner node Pak for hierarchical cache Hierarchy.
[2017.10.31-11.15.35:916][  0]LogDerivedDataCache: FDerivedDataBackendGraph:  CompressedPak pak cache file ../../../../../../Users/Leszek/Documents/Unreal Projects/MA_BP/MA_BP/DerivedDataCache/Compressed.ddp not found, will not use a pak cache.
[2017.10.31-11.15.35:916][  0]LogDerivedDataCache: Unable to find inner node CompressedPak for hierarchical cache Hierarchy.
[2017.10.31-11.15.35:932][  0]LogDerivedDataCache: Display: Pak cache opened for reading ../../../Engine/DerivedDataCache/Compressed.ddp.
[2017.10.31-11.15.35:945][  0]LogDerivedDataCache: Using Local data cache path C:/Users/Leszek/AppData/Local/UnrealEngine/Common/DerivedDataCache: Writable
[2017.10.31-11.15.35:954][  0]LogMaterial: Verifying Global Shaders for PCD3D_SM5
[2017.10.31-11.15.35:955][  0]LogSlate: Using Freetype 2.6.0
[2017.10.31-11.15.35:956][  0]LogSlate: SlateFontCache - WITH_FREETYPE: 1, WITH_HARFBUZZ: 1
[2017.10.31-11.15.35:956][  0]LogSlate: SlateFontCache - WITH_FREETYPE: 1, WITH_HARFBUZZ: 1
[2017.10.31-11.15.36:258][  0]LogAssetRegistry: FAssetRegistry took 0.0262 seconds to start up
[2017.10.31-11.15.36:407][  0]LogInit: Selected Device Profile: [Windows]
[2017.10.31-11.15.36:585][  0]LogContentStreaming: Texture pool size is 0.00 MB
[2017.10.31-11.15.37:062][  0]LogSimplygon: Simplygon DLL not present - disabling.
[2017.10.31-11.15.37:126][  0]LogMeshReduction: Using SimplygonSwarm for distributed automatic mesh merging
[2017.10.31-11.15.37:126][  0]LogMeshReduction: Using QuadricMeshReduction for automatic static mesh reduction
[2017.10.31-11.15.37:126][  0]LogMeshReduction: No automatic skeletal mesh reduction module available
[2017.10.31-11.15.37:126][  0]LogMeshReduction: No automatic mesh merging module available
[2017.10.31-11.15.37:126][  0]LogMeshMerging: No automatic mesh merging module available
[2017.10.31-11.15.37:557][  0]LogNetVersion: MA_BP , NetCL: 3573198, EngineNetVer: 2, GameNetVer: 0 (Checksum: 591215098)
[2017.10.31-11.15.37:868][  0]LogPackageLocalizationCache: Processed 5 localized package path(s) for 2 prioritized culture(s) in 0.053778 seconds
[2017.10.31-11.15.37:874][  0]LogUObjectArray: 35825 objects as part of root set at end of initial load.
[2017.10.31-11.15.37:874][  0]LogUObjectAllocator: 7529112 out of 0 bytes used by permanent object pool.
[2017.10.31-11.15.37:874][  0]LogUObjectArray: CloseDisregardForGC: 0/0 objects in disregard for GC pool
[2017.10.31-11.15.37:978][  0]LogInit: WinSock: version 1.1 (2.2), MaxSocks=32767, MaxUdp=65467
[2017.10.31-11.15.41:867][  0]LogTcpMessaging: Initializing TcpMessaging bridge
[2017.10.31-11.15.41:923][  0]LogUdpMessaging: Initializing bridge on interface 0.0.0.0:0 to multicast group 230.0.0.1:6666.
[2017.10.31-11.15.43:345][  0]LogMaterial: Uniform references updated for custom material expression Custom.
[2017.10.31-11.15.43:981][  0]SourceControl: Source control is disabled
[2017.10.31-11.15.43:982][  0]SourceControl: Source control is disabled
[2017.10.31-11.15.44:109][  0]SourceControl: Source control is disabled
[2017.10.31-11.15.44:208][  0]SourceControl: Source control is disabled
[2017.10.31-11.15.45:494][  0]LogAndroidPermission: UAndroidPermissionCallbackProxy::GetInstance
[2017.10.31-11.15.45:958][  0]LogOcInput: OculusInput pre-init called
[2017.10.31-11.15.46:363][  0]LogEngine: Initializing Engine...
[2017.10.31-11.15.46:365][  0]LogHMD: Failed to initialize OpenVR with code 110
[2017.10.31-11.15.46:650][  0]LogStats: UGameplayTagsManager::ConstructGameplayTagTree: Construct from data asset -  0.000 s
[2017.10.31-11.15.46:650][  0]LogStats: UGameplayTagsManager::ConstructGameplayTagTree: GameplayTagTreeChangedEvent.Broadcast -  0.000 s
[2017.10.31-11.15.46:877][  0]LogAIModule: Creating AISystem for world Untitled
[2017.10.31-11.15.46:888][  0]LogInit: XAudio2 using 'MON-SIS289 (Intel(R) Display Audio)' : 2 channels at 48 kHz using 16 bits per sample (channel mask 0x3)
[2017.10.31-11.15.46:900][  0]LogInit: FAudioDevice initialized.
[2017.10.31-11.15.46:961][  0]LogDerivedDataCache: Saved boot cache 0.06s 93MB C:/Users/Leszek/AppData/Local/UnrealEngine/4.17/DerivedDataCache/Boot.ddc.
[2017.10.31-11.15.46:976][  0]LogInit: Texture streaming: Enabled
[2017.10.31-11.15.47:190][  0]LogEngineSessionManager: EngineSessionManager initialized
[2017.10.31-11.15.47:577][  0]LogInit: Transaction tracking system initialized
[2017.10.31-11.15.48:135][  0]BlueprintLog: New page: Editor Load
[2017.10.31-11.15.50:103][  0]LocalizationService: Localization service is disabled
[2017.10.31-11.15.51:021][  0]LogLinker: Warning: Can't find file '/Game/ThirdPersonBP/ThirdPersonOverview'
[2017.10.31-11.15.51:021][  0]LogLinker: Warning: Can't find file '/Game/ThirdPersonBP/ThirdPersonOverview'
[2017.10.31-11.15.51:021][  0]LogUObjectGlobals: Warning: Failed to find object 'Class /Game/ThirdPersonBP/ThirdPersonOverview.ThirdPersonOverview_C'
[2017.10.31-11.15.51:306][  0]LogConsoleResponse: Display: 
[2017.10.31-11.15.51:540][  0]LogCook: Display: Max memory allowance for cook 16384mb min free memory 0mb
[2017.10.31-11.15.51:541][  0]LogCook: Display: Mobile HDR setting 1
[2017.10.31-11.15.51:541][  0]LogGameplayTags: Display: UGameplayTagsManager::DoneAddingNativeTags. DelegateIsBound: 0
[2017.10.31-11.15.52:055][  0]LogFileCache: Scanning file cache for directory 'C:/Users/Leszek/Documents/Unreal Projects/MA_BP/MA_BP/Content/' took 0.02s
[2017.10.31-11.15.53:448][  0]SourceControl: Source control is disabled
[2017.10.31-11.15.53:448][  0]Cmd: MAP LOAD FILE="../../../../../../Users/Leszek/Documents/Unreal Projects/MA_BP/MA_BP/Content/SideScrollerBP/Maps/SideScrollerExampleMap.umap" TEMPLATE=0 SHOWPROGRESS=1 FEATURELEVEL=3
[2017.10.31-11.15.53:449][  0]LightingResults: New page: Lighting Build
[2017.10.31-11.15.53:526][  0]MapCheck: New page: Map Check
[2017.10.31-11.15.53:526][  0]LightingResults: New page: Lighting Build
[2017.10.31-11.15.54:019][  0]LogAIModule: Creating AISystem for world SideScrollerExampleMap
[2017.10.31-11.15.54:033][  0]LogEditorServer: Finished looking for orphan Actors (0.000 secs)
[2017.10.31-11.15.54:054][  0]Cmd: MAP CHECKDEP NOCLEARLOG
[2017.10.31-11.15.54:130][  0]MapCheck: Map check complete: 0 Error(s), 0 Warning(s), took 75.867ms to complete.
[2017.10.31-11.15.54:130][  0]LogFileHelpers: Loading map 'SideScrollerExampleMap' took 0.682
[2017.10.31-11.15.54:314][  0]LogCollectionManager: Loaded 0 collections in 0.001602 seconds
[2017.10.31-11.15.54:430][  0]LogFileCache: Scanning file cache for directory 'C:/Users/Leszek/Documents/Unreal Projects/MA_BP/MA_BP/Saved/Collections/' took 0.01s
[2017.10.31-11.15.54:430][  0]LogFileCache: Scanning file cache for directory 'C:/Users/Leszek/Documents/Unreal Projects/MA_BP/MA_BP/Content/Developers/Leszek/Collections/' took 0.01s
[2017.10.31-11.15.54:430][  0]LogFileCache: Scanning file cache for directory 'C:/Users/Leszek/Documents/Unreal Projects/MA_BP/MA_BP/Content/Collections/' took 0.01s
[2017.10.31-11.15.54:430][  0]LogCollectionManager: Rebuilt the GUID cache for 0 collections in 0.000001 seconds
[2017.10.31-11.15.54:440][  0]LogContentBrowser: Native class hierarchy populated in 0.0091 seconds. Added 2386 classes and 500 folders.
[2017.10.31-11.15.54:546][  0]LogContentBrowser: Native class hierarchy updated for 'WidgetCarousel' in 0.0006 seconds. Added 0 classes and 0 folders.
[2017.10.31-11.15.54:647][  0]LogContentBrowser: Native class hierarchy updated for 'AddContentDialog' in 0.0006 seconds. Added 0 classes and 0 folders.
[2017.10.31-11.15.54:716][  0]LogContentBrowser: Native class hierarchy updated for 'SceneOutliner' in 0.0008 seconds. Added 1 classes and 2 folders.
[2017.10.31-11.15.54:742][  0]LogSlate: Took 0.000271 seconds to synchronously load lazily loaded font '../../../Engine/Content/Slate/Fonts/Roboto-Regular.ttf' (155K)
[2017.10.31-11.15.54:744][  0]LogSlate: Took 0.000283 seconds to synchronously load lazily loaded font '../../../Engine/Content/Slate/Fonts/Roboto-Bold.ttf' (160K)
[2017.10.31-11.15.54:753][  0]LogSlate: Took 0.001287 seconds to synchronously load lazily loaded font '../../../Engine/Content/Editor/Slate/Fonts/FontAwesome.ttf' (139K)
[2017.10.31-11.15.54:884][  0]LogRenderer: Reallocating scene render targets to support 964x488 Format 10 NumSamples 1 (Frame:1).
[2017.10.31-11.15.55:121][  0]LogContentBrowser: Native class hierarchy updated for 'HierarchicalLODOutliner' in 0.0006 seconds. Added 1 classes and 2 folders.
[2017.10.31-11.15.55:121][  0]LogLoad: (Engine Initialization) Total time: 27.72 seconds
[2017.10.31-11.15.55:121][  0]LogLoad: (Engine Initialization) Total Blueprint compile time: 0.00 seconds
[2017.10.31-11.15.55:121][  0]LogExternalProfiler: No external profilers were discovered.  External profiling features will not be available.
[2017.10.31-11.15.55:481][  0]LogContentStreaming: Texture pool size now 1000 MB
[2017.10.31-11.15.55:532][  0]LogSlate: Took 0.001356 seconds to synchronously load lazily loaded font '../../../Engine/Content/Slate/Fonts/Roboto-Light.ttf' (159K)
[2017.10.31-11.15.55:810][  1]LogAssetRegistry: Asset discovery search completed in 19.5751 seconds
[2017.10.31-11.15.55:814][  1]LogCollectionManager: Rebuilt the object cache for 0 collections in 0.000001 seconds (found 0 objects)
[2017.10.31-11.15.55:814][  1]LogCollectionManager: Fixed up redirectors for 0 collections in 0.000075 seconds (updated 0 objects)
[2017.10.31-11.15.56:464][  3]LogSlate: Took 0.000270 seconds to synchronously load lazily loaded font '../../../Engine/Content/Slate/Fonts/Roboto-Light.ttf' (159K)
[2017.10.31-11.16.26:458][ 93]LogTemp: Repeating last play command: Selected Viewport
[2017.10.31-11.16.26:499][ 93]LogBlueprintUserMessages: Early PlayInEditor Detection: Level '/Game/SideScrollerBP/Maps/SideScrollerExampleMap.SideScrollerExampleMap:PersistentLevel' has LevelScriptBlueprint '/Game/SideScrollerBP/Maps/SideScrollerExampleMap.SideScrollerExampleMap:PersistentLevel.SideScrollerExampleMap' with GeneratedClass '/Game/SideScrollerBP/Maps/SideScrollerExampleMap.SideScrollerExampleMap_C' with ClassGeneratedBy '/Game/SideScrollerBP/Maps/SideScrollerExampleMap.SideScrollerExampleMap:PersistentLevel.SideScrollerExampleMap'
[2017.10.31-11.16.26:499][ 93]LogPlayLevel: PlayLevel: No blueprints needed recompiling
[2017.10.31-11.16.26:500][ 93]PIE: New page: PIE session: SideScrollerExampleMap (31 Oct 2017 11:16:26)
[2017.10.31-11.16.26:500][ 93]LogPlayLevel: Creating play world package: /Game/SideScrollerBP/Maps/UEDPIE_0_SideScrollerExampleMap
[2017.10.31-11.16.26:524][ 93]LogPlayLevel: PIE: StaticDuplicateObject took: (0.023856s)
[2017.10.31-11.16.26:524][ 93]LogAIModule: Creating AISystem for world SideScrollerExampleMap
[2017.10.31-11.16.26:525][ 93]LogPlayLevel: PIE: World Init took: (0.000918s)
[2017.10.31-11.16.26:525][ 93]LogPlayLevel: PIE: Created PIE world by copying editor world from /Game/SideScrollerBP/Maps/SideScrollerExampleMap.SideScrollerExampleMap to /Game/SideScrollerBP/Maps/UEDPIE_0_SideScrollerExampleMap.SideScrollerExampleMap (0.025183s)
[2017.10.31-11.16.26:538][ 93]LogInit: XAudio2 using 'MON-SIS289 (Intel(R) Display Audio)' : 2 channels at 48 kHz using 16 bits per sample (channel mask 0x3)
[2017.10.31-11.16.26:543][ 93]LogInit: FAudioDevice initialized.
[2017.10.31-11.16.26:596][ 93]LogLoad: Game class is 'SideScrollerGameMode_C'
[2017.10.31-11.16.26:601][ 93]LogWorld: Bringing World /Game/SideScrollerBP/Maps/UEDPIE_0_SideScrollerExampleMap.SideScrollerExampleMap up for play (max tick rate 60) at 2017.10.31-11.16.26
[2017.10.31-11.16.26:601][ 93]LogWorld: Bringing up level for play took: 0.002719
[2017.10.31-11.16.26:667][ 93]LogContentBrowser: Native class hierarchy updated for 'MovieSceneCapture' in 0.0007 seconds. Added 11 classes and 0 folders.
[2017.10.31-11.16.26:668][ 93]PIE: Play in editor start time for /Game/SideScrollerBP/Maps/UEDPIE_0_SideScrollerExampleMap 0.28
[2017.10.31-11.16.26:668][ 93]LogBlueprintUserMessages: Late PlayInEditor Detection: Level '/Game/SideScrollerBP/Maps/SideScrollerExampleMap.SideScrollerExampleMap:PersistentLevel' has LevelScriptBlueprint '/Game/SideScrollerBP/Maps/SideScrollerExampleMap.SideScrollerExampleMap:PersistentLevel.SideScrollerExampleMap' with GeneratedClass '/Game/SideScrollerBP/Maps/SideScrollerExampleMap.SideScrollerExampleMap_C' with ClassGeneratedBy '/Game/SideScrollerBP/Maps/SideScrollerExampleMap.SideScrollerExampleMap:PersistentLevel.SideScrollerExampleMap'
[2017.10.31-11.16.51:162][555]LogCharacterMovement: SideScrollerCharacter_78 is stuck and failed to move! Velocity: X=0.00 Y=68.27 Z=0.00 Location: X=1200.00 Y=880.06 Z=1020.41 Normal: X=0.44 Y=-0.90 Z=-0.00 PenetrationDepth:0.048 Actor:Actor2_7 Component:Door with Input BoneName:None (0 other events since notify)
[2017.10.31-11.17.00:352][104]LogBlueprintUserMessages: Early EndPlayMap Detection: Level '/Game/SideScrollerBP/Maps/SideScrollerExampleMap.SideScrollerExampleMap:PersistentLevel' has LevelScriptBlueprint '/Game/SideScrollerBP/Maps/SideScrollerExampleMap.SideScrollerExampleMap:PersistentLevel.SideScrollerExampleMap' with GeneratedClass '/Game/SideScrollerBP/Maps/SideScrollerExampleMap.SideScrollerExampleMap_C' with ClassGeneratedBy '/Game/SideScrollerBP/Maps/SideScrollerExampleMap.SideScrollerExampleMap:PersistentLevel.SideScrollerExampleMap'
[2017.10.31-11.17.00:388][104]LogBlueprintUserMessages: Late EndPlayMap Detection: Level '/Game/SideScrollerBP/Maps/SideScrollerExampleMap.SideScrollerExampleMap:PersistentLevel' has LevelScriptBlueprint '/Game/SideScrollerBP/Maps/SideScrollerExampleMap.SideScrollerExampleMap:PersistentLevel.SideScrollerExampleMap' with GeneratedClass '/Game/SideScrollerBP/Maps/SideScrollerExampleMap.SideScrollerExampleMap_C' with ClassGeneratedBy '/Game/SideScrollerBP/Maps/SideScrollerExampleMap.SideScrollerExampleMap:PersistentLevel.SideScrollerExampleMap'
[2017.10.31-11.17.01:416][164]LogEditorViewport: Clicking on Actor (LMB): Actor (Actor2)
[2017.10.31-11.17.04:922][370]LogTemp: Repeating last play command: Selected Viewport
[2017.10.31-11.17.04:935][370]LogBlueprintUserMessages: Early PlayInEditor Detection: Level '/Game/SideScrollerBP/Maps/SideScrollerExampleMap.SideScrollerExampleMap:PersistentLevel' has LevelScriptBlueprint '/Game/SideScrollerBP/Maps/SideScrollerExampleMap.SideScrollerExampleMap:PersistentLevel.SideScrollerExampleMap' with GeneratedClass '/Game/SideScrollerBP/Maps/SideScrollerExampleMap.SideScrollerExampleMap_C' with ClassGeneratedBy '/Game/SideScrollerBP/Maps/SideScrollerExampleMap.SideScrollerExampleMap:PersistentLevel.SideScrollerExampleMap'
[2017.10.31-11.17.04:935][370]LogPlayLevel: PlayLevel: No blueprints needed recompiling
[2017.10.31-11.17.04:935][370]PIE: New page: PIE session: SideScrollerExampleMap (31 Oct 2017 11:17:04)
[2017.10.31-11.17.04:935][370]LogPlayLevel: Creating play world package: /Game/SideScrollerBP/Maps/UEDPIE_0_SideScrollerExampleMap
[2017.10.31-11.17.04:960][370]LogPlayLevel: PIE: StaticDuplicateObject took: (0.024404s)
[2017.10.31-11.17.04:961][370]LogAIModule: Creating AISystem for world SideScrollerExampleMap
[2017.10.31-11.17.04:961][370]LogPlayLevel: PIE: World Init took: (0.000984s)
[2017.10.31-11.17.04:961][370]LogPlayLevel: PIE: Created PIE world by copying editor world from /Game/SideScrollerBP/Maps/SideScrollerExampleMap.SideScrollerExampleMap to /Game/SideScrollerBP/Maps/UEDPIE_0_SideScrollerExampleMap.SideScrollerExampleMap (0.025701s)
[2017.10.31-11.17.04:975][370]LogInit: XAudio2 using 'MON-SIS289 (Intel(R) Display Audio)' : 2 channels at 48 kHz using 16 bits per sample (channel mask 0x3)
[2017.10.31-11.17.04:979][370]LogInit: FAudioDevice initialized.
[2017.10.31-11.17.05:012][370]LogLoad: Game class is 'SideScrollerGameMode_C'
[2017.10.31-11.17.05:015][370]LogWorld: Bringing World /Game/SideScrollerBP/Maps/UEDPIE_0_SideScrollerExampleMap.SideScrollerExampleMap up for play (max tick rate 60) at 2017.10.31-11.17.05
[2017.10.31-11.17.05:016][370]LogWorld: Bringing up level for play took: 0.002754
[2017.10.31-11.17.05:017][370]PIE: Play in editor start time for /Game/SideScrollerBP/Maps/UEDPIE_0_SideScrollerExampleMap 0.629
[2017.10.31-11.17.05:017][370]LogBlueprintUserMessages: Late PlayInEditor Detection: Level '/Game/SideScrollerBP/Maps/SideScrollerExampleMap.SideScrollerExampleMap:PersistentLevel' has LevelScriptBlueprint '/Game/SideScrollerBP/Maps/SideScrollerExampleMap.SideScrollerExampleMap:PersistentLevel.SideScrollerExampleMap' with GeneratedClass '/Game/SideScrollerBP/Maps/SideScrollerExampleMap.SideScrollerExampleMap_C' with ClassGeneratedBy '/Game/SideScrollerBP/Maps/SideScrollerExampleMap.SideScrollerExampleMap:PersistentLevel.SideScrollerExampleMap'
[2017.10.31-11.17.18:633][185]LogBlueprintUserMessages: Early EndPlayMap Detection: Level '/Game/SideScrollerBP/Maps/SideScrollerExampleMap.SideScrollerExampleMap:PersistentLevel' has LevelScriptBlueprint '/Game/SideScrollerBP/Maps/SideScrollerExampleMap.SideScrollerExampleMap:PersistentLevel.SideScrollerExampleMap' with GeneratedClass '/Game/SideScrollerBP/Maps/SideScrollerExampleMap.SideScrollerExampleMap_C' with ClassGeneratedBy '/Game/SideScrollerBP/Maps/SideScrollerExampleMap.SideScrollerExampleMap:PersistentLevel.SideScrollerExampleMap'
[2017.10.31-11.17.18:676][185]LogBlueprintUserMessages: Late EndPlayMap Detection: Level '/Game/SideScrollerBP/Maps/SideScrollerExampleMap.SideScrollerExampleMap:PersistentLevel' has LevelScriptBlueprint '/Game/SideScrollerBP/Maps/SideScrollerExampleMap.SideScrollerExampleMap:PersistentLevel.SideScrollerExampleMap' with GeneratedClass '/Game/SideScrollerBP/Maps/SideScrollerExampleMap.SideScrollerExampleMap_C' with ClassGeneratedBy '/Game/SideScrollerBP/Maps/SideScrollerExampleMap.SideScrollerExampleMap:PersistentLevel.SideScrollerExampleMap'
[2017.10.31-11.17.19:543][235]Cmd: TRANSACTION UNDO
[2017.10.31-11.17.19:543][235]LogEditorTransaction: Undo Move Actors
[2017.10.31-11.17.20:597][297]Cmd: TRANSACTION UNDO
[2017.10.31-11.17.20:597][297]LogEditorTransaction: Undo Clicking on Actors
[2017.10.31-11.20.45:097][ 69]LogEditorViewport: Clicking on Actor (LMB): Actor (Actor2)
[2017.10.31-11.20.57:698][807]LogSlate: Took 0.000228 seconds to synchronously load lazily loaded font '../../../Engine/Content/Slate/Fonts/Roboto-Light.ttf' (159K)
[2017.10.31-11.20.58:126][807]LogContentBrowser: Native class hierarchy updated for 'BlueprintGraph' in 0.0010 seconds. Added 113 classes and 0 folders.
[2017.10.31-11.20.58:794][807]LogSlate: Took 0.001527 seconds to synchronously load lazily loaded font '../../../Engine/Content/Editor/Slate/Fonts/Roboto-BoldCondensed.ttf' (158K)
[2017.10.31-11.20.58:872][808]LogSlate: Took 0.001325 seconds to synchronously load lazily loaded font '../../../Engine/Content/Editor/Slate/Fonts/Roboto-Italic.ttf' (157K)
[2017.10.31-11.26.43:304][904]LogFileHelpers: Editor autosave (incl. sublevels) for '/Game/SideScrollerBP/Maps/SideScrollerExampleMap' took 0.024
[2017.10.31-11.36.44:294][350]LogFileHelpers: Editor autosave (incl. sublevels) for '/Game/SideScrollerBP/Maps/SideScrollerExampleMap' took 0.022
[2017.10.31-11.41.39:484][947]LogEditorViewport: Clicking on Actor (LMB): MatineeActor (MatineeActor)
[2017.10.31-11.42.30:644][998]LogActorFactory: Actor Factory created SM_DoorFrame
[2017.10.31-11.42.34:166][209]LogActorFactory: Actor Factory created SM_DoorFrame
[2017.10.31-11.42.44:026][786]LogActorFactory: Actor Factory created SM_Door
[2017.10.31-11.42.45:998][904]LogActorFactory: Actor Factory created SM_Door
[2017.10.31-11.43.19:053][866]LogEditorViewport: Clicking on Actor (LMB): StaticMeshActor (Floor)
[2017.10.31-11.43.19:448][887]LogEditorViewport: Clicking on Actor (LMB): StaticMeshActor (SM_DoorFrame)
[2017.10.31-11.43.24:745][200]LogEditorViewport: Clicking on Actor (LMB): StaticMeshActor (SM_Door)
[2017.10.31-11.43.27:205][343]LogTemp: Repeating last play command: Selected Viewport
[2017.10.31-11.43.27:218][343]LogBlueprintUserMessages: Early PlayInEditor Detection: Level '/Game/SideScrollerBP/Maps/SideScrollerExampleMap.SideScrollerExampleMap:PersistentLevel' has LevelScriptBlueprint '/Game/SideScrollerBP/Maps/SideScrollerExampleMap.SideScrollerExampleMap:PersistentLevel.SideScrollerExampleMap' with GeneratedClass '/Game/SideScrollerBP/Maps/SideScrollerExampleMap.SideScrollerExampleMap_C' with ClassGeneratedBy '/Game/SideScrollerBP/Maps/SideScrollerExampleMap.SideScrollerExampleMap:PersistentLevel.SideScrollerExampleMap'
[2017.10.31-11.43.27:218][343]LogPlayLevel: PlayLevel: No blueprints needed recompiling
[2017.10.31-11.43.27:218][343]PIE: New page: PIE session: SideScrollerExampleMap (31 Oct 2017 11:43:27)
[2017.10.31-11.43.27:218][343]LogPlayLevel: Creating play world package: /Game/SideScrollerBP/Maps/UEDPIE_0_SideScrollerExampleMap
[2017.10.31-11.43.27:243][343]LogPlayLevel: PIE: StaticDuplicateObject took: (0.024059s)
[2017.10.31-11.43.27:244][343]LogAIModule: Creating AISystem for world SideScrollerExampleMap
[2017.10.31-11.43.27:244][343]LogPlayLevel: PIE: World Init took: (0.001113s)
[2017.10.31-11.43.27:244][343]LogPlayLevel: PIE: Created PIE world by copying editor world from /Game/SideScrollerBP/Maps/SideScrollerExampleMap.SideScrollerExampleMap to /Game/SideScrollerBP/Maps/UEDPIE_0_SideScrollerExampleMap.SideScrollerExampleMap (0.025531s)
[2017.10.31-11.43.27:267][343]LogInit: XAudio2 using 'MON-SIS289 (Intel(R) Display Audio)' : 2 channels at 48 kHz using 16 bits per sample (channel mask 0x3)
[2017.10.31-11.43.27:273][343]LogInit: FAudioDevice initialized.
[2017.10.31-11.43.27:310][343]LogLoad: Game class is 'SideScrollerGameMode_C'
[2017.10.31-11.43.27:314][343]LogWorld: Bringing World /Game/SideScrollerBP/Maps/UEDPIE_0_SideScrollerExampleMap.SideScrollerExampleMap up for play (max tick rate 60) at 2017.10.31-11.43.27
[2017.10.31-11.43.27:314][343]LogWorld: Bringing up level for play took: 0.003382
[2017.10.31-11.43.27:315][343]PIE: Play in editor start time for /Game/SideScrollerBP/Maps/UEDPIE_0_SideScrollerExampleMap 0.927
[2017.10.31-11.43.27:316][343]LogBlueprintUserMessages: Late PlayInEditor Detection: Level '/Game/SideScrollerBP/Maps/SideScrollerExampleMap.SideScrollerExampleMap:PersistentLevel' has LevelScriptBlueprint '/Game/SideScrollerBP/Maps/SideScrollerExampleMap.SideScrollerExampleMap:PersistentLevel.SideScrollerExampleMap' with GeneratedClass '/Game/SideScrollerBP/Maps/SideScrollerExampleMap.SideScrollerExampleMap_C' with ClassGeneratedBy '/Game/SideScrollerBP/Maps/SideScrollerExampleMap.SideScrollerExampleMap:PersistentLevel.SideScrollerExampleMap'
[2017.10.31-11.43.32:383][645]LogBlueprintUserMessages: Early EndPlayMap Detection: Level '/Game/SideScrollerBP/Maps/SideScrollerExampleMap.SideScrollerExampleMap:PersistentLevel' has LevelScriptBlueprint '/Game/SideScrollerBP/Maps/SideScrollerExampleMap.SideScrollerExampleMap:PersistentLevel.SideScrollerExampleMap' with GeneratedClass '/Game/SideScrollerBP/Maps/SideScrollerExampleMap.SideScrollerExampleMap_C' with ClassGeneratedBy '/Game/SideScrollerBP/Maps/SideScrollerExampleMap.SideScrollerExampleMap:PersistentLevel.SideScrollerExampleMap'
[2017.10.31-11.43.32:436][645]LogBlueprintUserMessages: Late EndPlayMap Detection: Level '/Game/SideScrollerBP/Maps/SideScrollerExampleMap.SideScrollerExampleMap:PersistentLevel' has LevelScriptBlueprint '/Game/SideScrollerBP/Maps/SideScrollerExampleMap.SideScrollerExampleMap:PersistentLevel.SideScrollerExampleMap' with GeneratedClass '/Game/SideScrollerBP/Maps/SideScrollerExampleMap.SideScrollerExampleMap_C' with ClassGeneratedBy '/Game/SideScrollerBP/Maps/SideScrollerExampleMap.SideScrollerExampleMap:PersistentLevel.SideScrollerExampleMap'
[2017.10.31-11.43.56:327][ 58]LogTemp: Repeating last play command: Selected Viewport
[2017.10.31-11.43.56:340][ 58]LogBlueprintUserMessages: Early PlayInEditor Detection: Level '/Game/SideScrollerBP/Maps/SideScrollerExampleMap.SideScrollerExampleMap:PersistentLevel' has LevelScriptBlueprint '/Game/SideScrollerBP/Maps/SideScrollerExampleMap.SideScrollerExampleMap:PersistentLevel.SideScrollerExampleMap' with GeneratedClass '/Game/SideScrollerBP/Maps/SideScrollerExampleMap.SideScrollerExampleMap_C' with ClassGeneratedBy '/Game/SideScrollerBP/Maps/SideScrollerExampleMap.SideScrollerExampleMap:PersistentLevel.SideScrollerExampleMap'
[2017.10.31-11.43.56:340][ 58]LogPlayLevel: PlayLevel: No blueprints needed recompiling
[2017.10.31-11.43.56:340][ 58]PIE: New page: PIE session: SideScrollerExampleMap (31 Oct 2017 11:43:56)
[2017.10.31-11.43.56:341][ 58]LogPlayLevel: Creating play world package: /Game/SideScrollerBP/Maps/UEDPIE_0_SideScrollerExampleMap
[2017.10.31-11.43.56:363][ 58]LogPlayLevel: PIE: StaticDuplicateObject took: (0.022841s)
[2017.10.31-11.43.56:364][ 58]LogAIModule: Creating AISystem for world SideScrollerExampleMap
[2017.10.31-11.43.56:364][ 58]LogPlayLevel: PIE: World Init took: (0.000965s)
[2017.10.31-11.43.56:365][ 58]LogPlayLevel: PIE: Created PIE world by copying editor world from /Game/SideScrollerBP/Maps/SideScrollerExampleMap.SideScrollerExampleMap to /Game/SideScrollerBP/Maps/UEDPIE_0_SideScrollerExampleMap.SideScrollerExampleMap (0.024196s)
[2017.10.31-11.43.56:387][ 58]LogInit: XAudio2 using 'MON-SIS289 (Intel(R) Display Audio)' : 2 channels at 48 kHz using 16 bits per sample (channel mask 0x3)
[2017.10.31-11.43.56:391][ 58]LogInit: FAudioDevice initialized.
[2017.10.31-11.43.56:424][ 58]LogLoad: Game class is 'SideScrollerGameMode_C'
[2017.10.31-11.43.56:428][ 58]LogWorld: Bringing World /Game/SideScrollerBP/Maps/UEDPIE_0_SideScrollerExampleMap.SideScrollerExampleMap up for play (max tick rate 60) at 2017.10.31-11.43.56
[2017.10.31-11.43.56:428][ 58]LogWorld: Bringing up level for play took: 0.003310
[2017.10.31-11.43.56:429][ 58]PIE: Play in editor start time for /Game/SideScrollerBP/Maps/UEDPIE_0_SideScrollerExampleMap 0.042
[2017.10.31-11.43.56:430][ 58]LogBlueprintUserMessages: Late PlayInEditor Detection: Level '/Game/SideScrollerBP/Maps/SideScrollerExampleMap.SideScrollerExampleMap:PersistentLevel' has LevelScriptBlueprint '/Game/SideScrollerBP/Maps/SideScrollerExampleMap.SideScrollerExampleMap:PersistentLevel.SideScrollerExampleMap' with GeneratedClass '/Game/SideScrollerBP/Maps/SideScrollerExampleMap.SideScrollerExampleMap_C' with ClassGeneratedBy '/Game/SideScrollerBP/Maps/SideScrollerExampleMap.SideScrollerExampleMap:PersistentLevel.SideScrollerExampleMap'
[2017.10.31-11.44.01:675][371]LogBlueprintUserMessages: Early EndPlayMap Detection: Level '/Game/SideScrollerBP/Maps/SideScrollerExampleMap.SideScrollerExampleMap:PersistentLevel' has LevelScriptBlueprint '/Game/SideScrollerBP/Maps/SideScrollerExampleMap.SideScrollerExampleMap:PersistentLevel.SideScrollerExampleMap' with GeneratedClass '/Game/SideScrollerBP/Maps/SideScrollerExampleMap.SideScrollerExampleMap_C' with ClassGeneratedBy '/Game/SideScrollerBP/Maps/SideScrollerExampleMap.SideScrollerExampleMap:PersistentLevel.SideScrollerExampleMap'
[2017.10.31-11.44.01:725][371]LogBlueprintUserMessages: Late EndPlayMap Detection: Level '/Game/SideScrollerBP/Maps/SideScrollerExampleMap.SideScrollerExampleMap:PersistentLevel' has LevelScriptBlueprint '/Game/SideScrollerBP/Maps/SideScrollerExampleMap.SideScrollerExampleMap:PersistentLevel.SideScrollerExampleMap' with GeneratedClass '/Game/SideScrollerBP/Maps/SideScrollerExampleMap.SideScrollerExampleMap_C' with ClassGeneratedBy '/Game/SideScrollerBP/Maps/SideScrollerExampleMap.SideScrollerExampleMap:PersistentLevel.SideScrollerExampleMap'
[2017.10.31-11.44.04:672][540]LogEditorViewport: Clicking on Actor (LMB): StaticMeshActor (SM_DoorFrame)
[2017.10.31-11.44.05:562][591]LogEditorViewport: Clicking on Actor (LMB): StaticMeshActor (SM_Door)
[2017.10.31-11.44.08:095][739]Cmd: TRANSACTION UNDO
[2017.10.31-11.44.08:095][739]LogEditorTransaction: Undo Move Actors
[2017.10.31-11.44.11:263][923]LogTemp: Repeating last play command: Selected Viewport
[2017.10.31-11.44.11:275][923]LogBlueprintUserMessages: Early PlayInEditor Detection: Level '/Game/SideScrollerBP/Maps/SideScrollerExampleMap.SideScrollerExampleMap:PersistentLevel' has LevelScriptBlueprint '/Game/SideScrollerBP/Maps/SideScrollerExampleMap.SideScrollerExampleMap:PersistentLevel.SideScrollerExampleMap' with GeneratedClass '/Game/SideScrollerBP/Maps/SideScrollerExampleMap.SideScrollerExampleMap_C' with ClassGeneratedBy '/Game/SideScrollerBP/Maps/SideScrollerExampleMap.SideScrollerExampleMap:PersistentLevel.SideScrollerExampleMap'
[2017.10.31-11.44.11:275][923]LogPlayLevel: PlayLevel: No blueprints needed recompiling
[2017.10.31-11.44.11:275][923]PIE: New page: PIE session: SideScrollerExampleMap (31 Oct 2017 11:44:11)
[2017.10.31-11.44.11:275][923]LogPlayLevel: Creating play world package: /Game/SideScrollerBP/Maps/UEDPIE_0_SideScrollerExampleMap
[2017.10.31-11.44.11:299][923]LogPlayLevel: PIE: StaticDuplicateObject took: (0.023637s)
[2017.10.31-11.44.11:300][923]LogAIModule: Creating AISystem for world SideScrollerExampleMap
[2017.10.31-11.44.11:300][923]LogPlayLevel: PIE: World Init took: (0.001372s)
[2017.10.31-11.44.11:301][923]LogPlayLevel: PIE: Created PIE world by copying editor world from /Game/SideScrollerBP/Maps/SideScrollerExampleMap.SideScrollerExampleMap to /Game/SideScrollerBP/Maps/UEDPIE_0_SideScrollerExampleMap.SideScrollerExampleMap (0.025527s)
[2017.10.31-11.44.11:321][923]LogInit: XAudio2 using 'MON-SIS289 (Intel(R) Display Audio)' : 2 channels at 48 kHz using 16 bits per sample (channel mask 0x3)
[2017.10.31-11.44.11:325][923]LogInit: FAudioDevice initialized.
[2017.10.31-11.44.11:362][923]LogLoad: Game class is 'SideScrollerGameMode_C'
[2017.10.31-11.44.11:365][923]LogWorld: Bringing World /Game/SideScrollerBP/Maps/UEDPIE_0_SideScrollerExampleMap.SideScrollerExampleMap up for play (max tick rate 60) at 2017.10.31-11.44.11
[2017.10.31-11.44.11:365][923]LogWorld: Bringing up level for play took: 0.002491
[2017.10.31-11.44.11:366][923]PIE: Play in editor start time for /Game/SideScrollerBP/Maps/UEDPIE_0_SideScrollerExampleMap 0.978
[2017.10.31-11.44.11:366][923]LogBlueprintUserMessages: Late PlayInEditor Detection: Level '/Game/SideScrollerBP/Maps/SideScrollerExampleMap.SideScrollerExampleMap:PersistentLevel' has LevelScriptBlueprint '/Game/SideScrollerBP/Maps/SideScrollerExampleMap.SideScrollerExampleMap:PersistentLevel.SideScrollerExampleMap' with GeneratedClass '/Game/SideScrollerBP/Maps/SideScrollerExampleMap.SideScrollerExampleMap_C' with ClassGeneratedBy '/Game/SideScrollerBP/Maps/SideScrollerExampleMap.SideScrollerExampleMap:PersistentLevel.SideScrollerExampleMap'
[2017.10.31-11.44.13:962][ 77]LogBlueprintUserMessages: Early EndPlayMap Detection: Level '/Game/SideScrollerBP/Maps/SideScrollerExampleMap.SideScrollerExampleMap:PersistentLevel' has LevelScriptBlueprint '/Game/SideScrollerBP/Maps/SideScrollerExampleMap.SideScrollerExampleMap:PersistentLevel.SideScrollerExampleMap' with GeneratedClass '/Game/SideScrollerBP/Maps/SideScrollerExampleMap.SideScrollerExampleMap_C' with ClassGeneratedBy '/Game/SideScrollerBP/Maps/SideScrollerExampleMap.SideScrollerExampleMap:PersistentLevel.SideScrollerExampleMap'
[2017.10.31-11.44.14:015][ 77]LogBlueprintUserMessages: Late EndPlayMap Detection: Level '/Game/SideScrollerBP/Maps/SideScrollerExampleMap.SideScrollerExampleMap:PersistentLevel' has LevelScriptBlueprint '/Game/SideScrollerBP/Maps/SideScrollerExampleMap.SideScrollerExampleMap:PersistentLevel.SideScrollerExampleMap' with GeneratedClass '/Game/SideScrollerBP/Maps/SideScrollerExampleMap.SideScrollerExampleMap_C' with ClassGeneratedBy '/Game/SideScrollerBP/Maps/SideScrollerExampleMap.SideScrollerExampleMap:PersistentLevel.SideScrollerExampleMap'
[2017.10.31-11.44.16:760][230]LogEditorViewport: Clicking on Actor (LMB): StaticMeshActor (SM_Door)
[2017.10.31-11.44.21:320][499]Cmd: TRANSACTION UNDO
[2017.10.31-11.44.21:320][499]LogEditorTransaction: Undo Move Actors
[2017.10.31-11.44.34:737][293]LogEditorViewport: Clicking on Actor (LMB): StaticMeshActor (SM_DoorFrame)
[2017.10.31-11.44.47:750][ 68]LogEditorViewport: Clicking on Actor (LMB): StaticMeshActor (Floor)
[2017.10.31-11.44.51:893][311]LogEditorViewport: Clicking on Actor (LMB): StaticMeshActor (SM_Door)
[2017.10.31-11.44.58:168][680]Cmd: SELECT NONE
[2017.10.31-11.45.00:277][806]LogTemp: Repeating last play command: Selected Viewport
[2017.10.31-11.45.00:292][806]LogBlueprintUserMessages: Early PlayInEditor Detection: Level '/Game/SideScrollerBP/Maps/SideScrollerExampleMap.SideScrollerExampleMap:PersistentLevel' has LevelScriptBlueprint '/Game/SideScrollerBP/Maps/SideScrollerExampleMap.SideScrollerExampleMap:PersistentLevel.SideScrollerExampleMap' with GeneratedClass '/Game/SideScrollerBP/Maps/SideScrollerExampleMap.SideScrollerExampleMap_C' with ClassGeneratedBy '/Game/SideScrollerBP/Maps/SideScrollerExampleMap.SideScrollerExampleMap:PersistentLevel.SideScrollerExampleMap'
[2017.10.31-11.45.00:292][806]LogPlayLevel: PlayLevel: No blueprints needed recompiling
[2017.10.31-11.45.00:292][806]PIE: New page: PIE session: SideScrollerExampleMap (31 Oct 2017 11:45:00)
[2017.10.31-11.45.00:292][806]LogPlayLevel: Creating play world package: /Game/SideScrollerBP/Maps/UEDPIE_0_SideScrollerExampleMap
[2017.10.31-11.45.00:318][806]LogPlayLevel: PIE: StaticDuplicateObject took: (0.025721s)
[2017.10.31-11.45.00:319][806]LogAIModule: Creating AISystem for world SideScrollerExampleMap
[2017.10.31-11.45.00:319][806]LogPlayLevel: PIE: World Init took: (0.001186s)
[2017.10.31-11.45.00:319][806]LogPlayLevel: PIE: Created PIE world by copying editor world from /Game/SideScrollerBP/Maps/SideScrollerExampleMap.SideScrollerExampleMap to /Game/SideScrollerBP/Maps/UEDPIE_0_SideScrollerExampleMap.SideScrollerExampleMap (0.027192s)
[2017.10.31-11.45.00:339][806]LogInit: XAudio2 using 'MON-SIS289 (Intel(R) Display Audio)' : 2 channels at 48 kHz using 16 bits per sample (channel mask 0x3)
[2017.10.31-11.45.00:344][806]LogInit: FAudioDevice initialized.
[2017.10.31-11.45.00:379][806]LogLoad: Game class is 'SideScrollerGameMode_C'
[2017.10.31-11.45.00:382][806]LogWorld: Bringing World /Game/SideScrollerBP/Maps/UEDPIE_0_SideScrollerExampleMap.SideScrollerExampleMap up for play (max tick rate 60) at 2017.10.31-11.45.00
[2017.10.31-11.45.00:382][806]LogWorld: Bringing up level for play took: 0.002639
[2017.10.31-11.45.00:383][806]PIE: Play in editor start time for /Game/SideScrollerBP/Maps/UEDPIE_0_SideScrollerExampleMap -0.005
[2017.10.31-11.45.00:383][806]LogBlueprintUserMessages: Late PlayInEditor Detection: Level '/Game/SideScrollerBP/Maps/SideScrollerExampleMap.SideScrollerExampleMap:PersistentLevel' has LevelScriptBlueprint '/Game/SideScrollerBP/Maps/SideScrollerExampleMap.SideScrollerExampleMap:PersistentLevel.SideScrollerExampleMap' with GeneratedClass '/Game/SideScrollerBP/Maps/SideScrollerExampleMap.SideScrollerExampleMap_C' with ClassGeneratedBy '/Game/SideScrollerBP/Maps/SideScrollerExampleMap.SideScrollerExampleMap:PersistentLevel.SideScrollerExampleMap'
[2017.10.31-11.45.22:115][108]LogBlueprintUserMessages: Early EndPlayMap Detection: Level '/Game/SideScrollerBP/Maps/SideScrollerExampleMap.SideScrollerExampleMap:PersistentLevel' has LevelScriptBlueprint '/Game/SideScrollerBP/Maps/SideScrollerExampleMap.SideScrollerExampleMap:PersistentLevel.SideScrollerExampleMap' with GeneratedClass '/Game/SideScrollerBP/Maps/SideScrollerExampleMap.SideScrollerExampleMap_C' with ClassGeneratedBy '/Game/SideScrollerBP/Maps/SideScrollerExampleMap.SideScrollerExampleMap:PersistentLevel.SideScrollerExampleMap'
[2017.10.31-11.45.22:149][108]LogBlueprintUserMessages: Late EndPlayMap Detection: Level '/Game/SideScrollerBP/Maps/SideScrollerExampleMap.SideScrollerExampleMap:PersistentLevel' has LevelScriptBlueprint '/Game/SideScrollerBP/Maps/SideScrollerExampleMap.SideScrollerExampleMap:PersistentLevel.SideScrollerExampleMap' with GeneratedClass '/Game/SideScrollerBP/Maps/SideScrollerExampleMap.SideScrollerExampleMap_C' with ClassGeneratedBy '/Game/SideScrollerBP/Maps/SideScrollerExampleMap.SideScrollerExampleMap:PersistentLevel.SideScrollerExampleMap'
[2017.10.31-11.45.23:231][159]LogSavePackage: Save=132.49ms
[2017.10.31-11.45.23:231][159]LogSavePackage: Moving '../../../../../../Users/Leszek/Documents/Unreal Projects/MA_BP/MA_BP/Saved/SideScrollerExampleMap98079B5F4F6D0FA1E20244AAFF8F7FFB.tmp' to '../../../../../../Users/Leszek/Documents/Unreal Projects/MA_BP/MA_BP/Content/SideScrollerBP/Maps/SideScrollerExampleMap.umap'
[2017.10.31-11.45.23:236][159]LogSavePackage: Display: Finished SavePackage ../../../../../../Users/Leszek/Documents/Unreal Projects/MA_BP/MA_BP/Content/SideScrollerBP/Maps/SideScrollerExampleMap.umap
[2017.10.31-11.45.23:620][159]LogSavePackage: Save=338.48ms
[2017.10.31-11.45.23:620][159]LogSavePackage: Moving '../../../../../../Users/Leszek/Documents/Unreal Projects/MA_BP/MA_BP/Saved/SideScrollerExampleMap_BuiltData9F5EA91F466BB0E3B27B0196EB11EF77.tmp' to '../../../../../../Users/Leszek/Documents/Unreal Projects/MA_BP/MA_BP/Content/SideScrollerBP/Maps/SideScrollerExampleMap_BuiltData.uasset'
[2017.10.31-11.45.23:624][159]LogSavePackage: Display: Finished SavePackage ../../../../../../Users/Leszek/Documents/Unreal Projects/MA_BP/MA_BP/Content/SideScrollerBP/Maps/SideScrollerExampleMap_BuiltData.uasset
[2017.10.31-11.45.31:617][195]LogEditorViewport: Clicking on Actor (LMB): StaticMeshActor (SM_Door)
[2017.10.31-11.54.08:469][808]BlueprintLog: New page: Compile SideScrollerExampleMap
[2017.10.31-11.54.10:155][889]LogSavePackage: Save=149.20ms
[2017.10.31-11.54.10:155][889]LogSavePackage: Moving '../../../../../../Users/Leszek/Documents/Unreal Projects/MA_BP/MA_BP/Saved/SideScrollerExampleMapE5AE62B14CDEA02B1BAEF2B3506F71D8.tmp' to '../../../../../../Users/Leszek/Documents/Unreal Projects/MA_BP/MA_BP/Content/SideScrollerBP/Maps/SideScrollerExampleMap.umap'
[2017.10.31-11.54.10:160][889]LogSavePackage: Display: Finished SavePackage ../../../../../../Users/Leszek/Documents/Unreal Projects/MA_BP/MA_BP/Content/SideScrollerBP/Maps/SideScrollerExampleMap.umap
[2017.10.31-11.54.10:190][889]LogFileHelpers: Saving map 'SideScrollerExampleMap' took 0.310
[2017.10.31-11.55.34:885][968]BlueprintLog: New page: Compile SideScrollerExampleMap
[2017.10.31-11.55.36:062][ 20]LogSavePackage: Save=146.75ms
[2017.10.31-11.55.36:062][ 20]LogSavePackage: Moving '../../../../../../Users/Leszek/Documents/Unreal Projects/MA_BP/MA_BP/Saved/SideScrollerExampleMap06446981439B2ADA0F2129ADAFA2ABB6.tmp' to '../../../../../../Users/Leszek/Documents/Unreal Projects/MA_BP/MA_BP/Content/SideScrollerBP/Maps/SideScrollerExampleMap.umap'
[2017.10.31-11.55.36:067][ 20]LogSavePackage: Display: Finished SavePackage ../../../../../../Users/Leszek/Documents/Unreal Projects/MA_BP/MA_BP/Content/SideScrollerBP/Maps/SideScrollerExampleMap.umap
[2017.10.31-11.55.36:109][ 20]LogFileHelpers: Saving map 'SideScrollerExampleMap' took 0.307
[2017.10.31-11.57.52:640][544]LogSavePackage: Save=150.17ms
[2017.10.31-11.57.52:640][544]LogSavePackage: Moving '../../../../../../Users/Leszek/Documents/Unreal Projects/MA_BP/MA_BP/Saved/SideScrollerExampleMapB85623D1430B79D11881DC975A171FB2.tmp' to '../../../../../../Users/Leszek/Documents/Unreal Projects/MA_BP/MA_BP/Content/SideScrollerBP/Maps/SideScrollerExampleMap.umap'
[2017.10.31-11.57.52:645][544]LogSavePackage: Display: Finished SavePackage ../../../../../../Users/Leszek/Documents/Unreal Projects/MA_BP/MA_BP/Content/SideScrollerBP/Maps/SideScrollerExampleMap.umap
[2017.10.31-11.57.52:664][544]LogFileHelpers: Saving map 'SideScrollerExampleMap' took 0.293
[2017.10.31-12.02.41:828][350]LogEditorViewport: Clicking on Actor (LMB): SideScrollerCharacter_C (SideScrollerCharacter)
[2017.10.31-12.02.43:179][424]LogEditorViewport: Clicking on Actor (LMB): SideScrollerCharacter_C (SideScrollerCharacter)
[2017.10.31-12.02.43:694][454]LogEditorViewport: Clicking on Actor (LMB): SideScrollerCharacter_C (SideScrollerCharacter)
[2017.10.31-12.07.12:688][245]BlueprintLog: New page: Compile SideScrollerExampleMap
[2017.10.31-12.07.14:216][315]LogSavePackage: Save=173.88ms
[2017.10.31-12.07.14:216][315]LogSavePackage: Moving '../../../../../../Users/Leszek/Documents/Unreal Projects/MA_BP/MA_BP/Saved/SideScrollerExampleMapF631CA18464F2194BAF32CB503E047C4.tmp' to '../../../../../../Users/Leszek/Documents/Unreal Projects/MA_BP/MA_BP/Content/SideScrollerBP/Maps/SideScrollerExampleMap.umap'
[2017.10.31-12.07.14:223][315]LogSavePackage: Display: Finished SavePackage ../../../../../../Users/Leszek/Documents/Unreal Projects/MA_BP/MA_BP/Content/SideScrollerBP/Maps/SideScrollerExampleMap.umap
[2017.10.31-12.07.14:255][315]LogFileHelpers: Saving map 'SideScrollerExampleMap' took 0.340
[2017.10.31-12.09.33:261][951]LogSlate: Took 0.001292 seconds to synchronously load lazily loaded font '../../../Engine/Content/Editor/Slate/Fonts/Roboto-BoldCondensedItalic.ttf' (160K)
[2017.10.31-12.11.48:741][666]BlueprintLog: New page: Compile SideScrollerExampleMap
[2017.10.31-12.12.56:107][  6]LogClass: Warning: Type mismatch in NewVar_0 of SKEL_SideScrollerExampleMap_C - Previous (StructProperty) Current(BoolProperty) for package:  FObjectReader
[2017.10.31-12.13.07:622][673]LogSavePackage: Save=171.98ms
[2017.10.31-12.13.07:622][673]LogSavePackage: Moving '../../../../../../Users/Leszek/Documents/Unreal Projects/MA_BP/MA_BP/Saved/SideScrollerExampleMap94C6122544D240420FB187AEB4D431DA.tmp' to '../../../../../../Users/Leszek/Documents/Unreal Projects/MA_BP/MA_BP/Content/SideScrollerBP/Maps/SideScrollerExampleMap.umap'
[2017.10.31-12.13.07:628][673]LogSavePackage: Display: Finished SavePackage ../../../../../../Users/Leszek/Documents/Unreal Projects/MA_BP/MA_BP/Content/SideScrollerBP/Maps/SideScrollerExampleMap.umap
[2017.10.31-12.13.07:665][673]LogFileHelpers: Saving map 'SideScrollerExampleMap' took 0.328
[2017.10.31-12.19.22:290][386]LogSavePackage: Save=173.07ms
[2017.10.31-12.19.22:290][386]LogSavePackage: Moving '../../../../../../Users/Leszek/Documents/Unreal Projects/MA_BP/MA_BP/Saved/SideScrollerExampleMap0FB3AA7E440783337EBC22942DFEC503.tmp' to '../../../../../../Users/Leszek/Documents/Unreal Projects/MA_BP/MA_BP/Content/SideScrollerBP/Maps/SideScrollerExampleMap.umap'
[2017.10.31-12.19.22:296][386]LogSavePackage: Display: Finished SavePackage ../../../../../../Users/Leszek/Documents/Unreal Projects/MA_BP/MA_BP/Content/SideScrollerBP/Maps/SideScrollerExampleMap.umap
[2017.10.31-12.19.22:328][386]LogFileHelpers: Saving map 'SideScrollerExampleMap' took 0.336
[2017.10.31-12.21.17:572][733]BlueprintLog: New page: Compile SideScrollerExampleMap
[2017.10.31-12.21.18:774][784]LogSavePackage: Save=180.82ms
[2017.10.31-12.21.18:774][784]LogSavePackage: Moving '../../../../../../Users/Leszek/Documents/Unreal Projects/MA_BP/MA_BP/Saved/SideScrollerExampleMapF31A756B4FFD4CCF280B46A56C201D1D.tmp' to '../../../../../../Users/Leszek/Documents/Unreal Projects/MA_BP/MA_BP/Content/SideScrollerBP/Maps/SideScrollerExampleMap.umap'
[2017.10.31-12.21.18:787][784]LogSavePackage: Display: Finished SavePackage ../../../../../../Users/Leszek/Documents/Unreal Projects/MA_BP/MA_BP/Content/SideScrollerBP/Maps/SideScrollerExampleMap.umap
[2017.10.31-12.21.18:807][784]LogFileHelpers: Saving map 'SideScrollerExampleMap' took 0.319
[2017.10.31-12.24.52:728][ 80]BlueprintLog: New page: Compile SideScrollerExampleMap
[2017.10.31-12.30.24:011][717]BlueprintLog: New page: Compile SideScrollerExampleMap
[2017.10.31-12.30.25:228][767]LogSavePackage: Save=197.59ms
[2017.10.31-12.30.25:228][767]LogSavePackage: Moving '../../../../../../Users/Leszek/Documents/Unreal Projects/MA_BP/MA_BP/Saved/SideScrollerExampleMapB89924144ED6B2E3696F278350EC7C23.tmp' to '../../../../../../Users/Leszek/Documents/Unreal Projects/MA_BP/MA_BP/Content/SideScrollerBP/Maps/SideScrollerExampleMap.umap'
[2017.10.31-12.30.25:234][767]LogSavePackage: Display: Finished SavePackage ../../../../../../Users/Leszek/Documents/Unreal Projects/MA_BP/MA_BP/Content/SideScrollerBP/Maps/SideScrollerExampleMap.umap
[2017.10.31-12.30.25:266][767]LogFileHelpers: Saving map 'SideScrollerExampleMap' took 0.355
[2017.10.31-12.30.28:407][954]LogTemp: Repeating last play command: Selected Viewport
[2017.10.31-12.30.28:422][954]LogBlueprintUserMessages: Early PlayInEditor Detection: Level '/Game/SideScrollerBP/Maps/SideScrollerExampleMap.SideScrollerExampleMap:PersistentLevel' has LevelScriptBlueprint '/Game/SideScrollerBP/Maps/SideScrollerExampleMap.SideScrollerExampleMap:PersistentLevel.SideScrollerExampleMap' with GeneratedClass '/Game/SideScrollerBP/Maps/SideScrollerExampleMap.SideScrollerExampleMap_C' with ClassGeneratedBy '/Game/SideScrollerBP/Maps/SideScrollerExampleMap.SideScrollerExampleMap:PersistentLevel.SideScrollerExampleMap'
[2017.10.31-12.30.28:422][954]LogPlayLevel: PlayLevel: No blueprints needed recompiling
[2017.10.31-12.30.28:422][954]PIE: New page: PIE session: SideScrollerExampleMap (31 Oct 2017 12:30:28)
[2017.10.31-12.30.28:422][954]LogPlayLevel: Creating play world package: /Game/SideScrollerBP/Maps/UEDPIE_0_SideScrollerExampleMap
[2017.10.31-12.30.28:445][954]LogPlayLevel: PIE: StaticDuplicateObject took: (0.023101s)
[2017.10.31-12.30.28:446][954]LogAIModule: Creating AISystem for world SideScrollerExampleMap
[2017.10.31-12.30.28:446][954]LogPlayLevel: PIE: World Init took: (0.001033s)
[2017.10.31-12.30.28:447][954]LogPlayLevel: PIE: Created PIE world by copying editor world from /Game/SideScrollerBP/Maps/SideScrollerExampleMap.SideScrollerExampleMap to /Game/SideScrollerBP/Maps/UEDPIE_0_SideScrollerExampleMap.SideScrollerExampleMap (0.024478s)
[2017.10.31-12.30.28:496][954]LogInit: XAudio2 using 'MON-SIS289 (Intel(R) Display Audio)' : 2 channels at 48 kHz using 16 bits per sample (channel mask 0x3)
[2017.10.31-12.30.28:501][954]LogInit: FAudioDevice initialized.
[2017.10.31-12.30.28:536][954]LogLoad: Game class is 'SideScrollerGameMode_C'
[2017.10.31-12.30.28:540][954]LogWorld: Bringing World /Game/SideScrollerBP/Maps/UEDPIE_0_SideScrollerExampleMap.SideScrollerExampleMap up for play (max tick rate 60) at 2017.10.31-12.30.28
[2017.10.31-12.30.28:540][954]LogWorld: Bringing up level for play took: 0.002858
[2017.10.31-12.30.28:541][954]PIE: Play in editor start time for /Game/SideScrollerBP/Maps/UEDPIE_0_SideScrollerExampleMap 0.153
[2017.10.31-12.30.28:541][954]LogBlueprintUserMessages: Late PlayInEditor Detection: Level '/Game/SideScrollerBP/Maps/SideScrollerExampleMap.SideScrollerExampleMap:PersistentLevel' has LevelScriptBlueprint '/Game/SideScrollerBP/Maps/SideScrollerExampleMap.SideScrollerExampleMap:PersistentLevel.SideScrollerExampleMap' with GeneratedClass '/Game/SideScrollerBP/Maps/SideScrollerExampleMap.SideScrollerExampleMap_C' with ClassGeneratedBy '/Game/SideScrollerBP/Maps/SideScrollerExampleMap.SideScrollerExampleMap:PersistentLevel.SideScrollerExampleMap'
[2017.10.31-12.30.54:606][516]LogBlueprintUserMessages: Early EndPlayMap Detection: Level '/Game/SideScrollerBP/Maps/SideScrollerExampleMap.SideScrollerExampleMap:PersistentLevel' has LevelScriptBlueprint '/Game/SideScrollerBP/Maps/SideScrollerExampleMap.SideScrollerExampleMap:PersistentLevel.SideScrollerExampleMap' with GeneratedClass '/Game/SideScrollerBP/Maps/SideScrollerExampleMap.SideScrollerExampleMap_C' with ClassGeneratedBy '/Game/SideScrollerBP/Maps/SideScrollerExampleMap.SideScrollerExampleMap:PersistentLevel.SideScrollerExampleMap'
[2017.10.31-12.30.54:683][516]LogBlueprintUserMessages: Late EndPlayMap Detection: Level '/Game/SideScrollerBP/Maps/SideScrollerExampleMap.SideScrollerExampleMap:PersistentLevel' has LevelScriptBlueprint '/Game/SideScrollerBP/Maps/SideScrollerExampleMap.SideScrollerExampleMap:PersistentLevel.SideScrollerExampleMap' with GeneratedClass '/Game/SideScrollerBP/Maps/SideScrollerExampleMap.SideScrollerExampleMap_C' with ClassGeneratedBy '/Game/SideScrollerBP/Maps/SideScrollerExampleMap.SideScrollerExampleMap:PersistentLevel.SideScrollerExampleMap'
[2017.10.31-12.31.08:976][363]BlueprintLog: New page: Compile SideScrollerExampleMap
[2017.10.31-12.31.12:450][567]LogTemp: Repeating last play command: Selected Viewport
[2017.10.31-12.31.12:462][567]LogBlueprintUserMessages: Early PlayInEditor Detection: Level '/Game/SideScrollerBP/Maps/SideScrollerExampleMap.SideScrollerExampleMap:PersistentLevel' has LevelScriptBlueprint '/Game/SideScrollerBP/Maps/SideScrollerExampleMap.SideScrollerExampleMap:PersistentLevel.SideScrollerExampleMap' with GeneratedClass '/Game/SideScrollerBP/Maps/SideScrollerExampleMap.SideScrollerExampleMap_C' with ClassGeneratedBy '/Game/SideScrollerBP/Maps/SideScrollerExampleMap.SideScrollerExampleMap:PersistentLevel.SideScrollerExampleMap'
[2017.10.31-12.31.12:462][567]LogPlayLevel: PlayLevel: No blueprints needed recompiling
[2017.10.31-12.31.12:462][567]PIE: New page: PIE session: SideScrollerExampleMap (31 Oct 2017 12:31:12)
[2017.10.31-12.31.12:462][567]LogPlayLevel: Creating play world package: /Game/SideScrollerBP/Maps/UEDPIE_0_SideScrollerExampleMap
[2017.10.31-12.31.12:486][567]LogPlayLevel: PIE: StaticDuplicateObject took: (0.023818s)
[2017.10.31-12.31.12:487][567]LogAIModule: Creating AISystem for world SideScrollerExampleMap
[2017.10.31-12.31.12:487][567]LogPlayLevel: PIE: World Init took: (0.001182s)
[2017.10.31-12.31.12:488][567]LogPlayLevel: PIE: Created PIE world by copying editor world from /Game/SideScrollerBP/Maps/SideScrollerExampleMap.SideScrollerExampleMap to /Game/SideScrollerBP/Maps/UEDPIE_0_SideScrollerExampleMap.SideScrollerExampleMap (0.025289s)
[2017.10.31-12.31.12:532][567]LogInit: XAudio2 using 'MON-SIS289 (Intel(R) Display Audio)' : 2 channels at 48 kHz using 16 bits per sample (channel mask 0x3)
[2017.10.31-12.31.12:536][567]LogInit: FAudioDevice initialized.
[2017.10.31-12.31.12:573][567]LogLoad: Game class is 'SideScrollerGameMode_C'
[2017.10.31-12.31.12:577][567]LogWorld: Bringing World /Game/SideScrollerBP/Maps/UEDPIE_0_SideScrollerExampleMap.SideScrollerExampleMap up for play (max tick rate 60) at 2017.10.31-12.31.12
[2017.10.31-12.31.12:577][567]LogWorld: Bringing up level for play took: 0.002913
[2017.10.31-12.31.12:578][567]PIE: Play in editor start time for /Game/SideScrollerBP/Maps/UEDPIE_0_SideScrollerExampleMap 0.19
[2017.10.31-12.31.12:578][567]LogBlueprintUserMessages: Late PlayInEditor Detection: Level '/Game/SideScrollerBP/Maps/SideScrollerExampleMap.SideScrollerExampleMap:PersistentLevel' has LevelScriptBlueprint '/Game/SideScrollerBP/Maps/SideScrollerExampleMap.SideScrollerExampleMap:PersistentLevel.SideScrollerExampleMap' with GeneratedClass '/Game/SideScrollerBP/Maps/SideScrollerExampleMap.SideScrollerExampleMap_C' with ClassGeneratedBy '/Game/SideScrollerBP/Maps/SideScrollerExampleMap.SideScrollerExampleMap:PersistentLevel.SideScrollerExampleMap'
[2017.10.31-12.31.21:775][117]LogBlueprintUserMessages: Early EndPlayMap Detection: Level '/Game/SideScrollerBP/Maps/SideScrollerExampleMap.SideScrollerExampleMap:PersistentLevel' has LevelScriptBlueprint '/Game/SideScrollerBP/Maps/SideScrollerExampleMap.SideScrollerExampleMap:PersistentLevel.SideScrollerExampleMap' with GeneratedClass '/Game/SideScrollerBP/Maps/SideScrollerExampleMap.SideScrollerExampleMap_C' with ClassGeneratedBy '/Game/SideScrollerBP/Maps/SideScrollerExampleMap.SideScrollerExampleMap:PersistentLevel.SideScrollerExampleMap'
[2017.10.31-12.31.21:856][117]LogBlueprintUserMessages: Late EndPlayMap Detection: Level '/Game/SideScrollerBP/Maps/SideScrollerExampleMap.SideScrollerExampleMap:PersistentLevel' has LevelScriptBlueprint '/Game/SideScrollerBP/Maps/SideScrollerExampleMap.SideScrollerExampleMap:PersistentLevel.SideScrollerExampleMap' with GeneratedClass '/Game/SideScrollerBP/Maps/SideScrollerExampleMap.SideScrollerExampleMap_C' with ClassGeneratedBy '/Game/SideScrollerBP/Maps/SideScrollerExampleMap.SideScrollerExampleMap:PersistentLevel.SideScrollerExampleMap'
[2017.10.31-12.31.23:780][226]LogTemp: Repeating last play command: Selected Viewport
[2017.10.31-12.31.23:792][226]LogBlueprintUserMessages: Early PlayInEditor Detection: Level '/Game/SideScrollerBP/Maps/SideScrollerExampleMap.SideScrollerExampleMap:PersistentLevel' has LevelScriptBlueprint '/Game/SideScrollerBP/Maps/SideScrollerExampleMap.SideScrollerExampleMap:PersistentLevel.SideScrollerExampleMap' with GeneratedClass '/Game/SideScrollerBP/Maps/SideScrollerExampleMap.SideScrollerExampleMap_C' with ClassGeneratedBy '/Game/SideScrollerBP/Maps/SideScrollerExampleMap.SideScrollerExampleMap:PersistentLevel.SideScrollerExampleMap'
[2017.10.31-12.31.23:792][226]LogPlayLevel: PlayLevel: No blueprints needed recompiling
[2017.10.31-12.31.23:792][226]PIE: New page: PIE session: SideScrollerExampleMap (31 Oct 2017 12:31:23)
[2017.10.31-12.31.23:792][226]LogPlayLevel: Creating play world package: /Game/SideScrollerBP/Maps/UEDPIE_0_SideScrollerExampleMap
[2017.10.31-12.31.23:813][226]LogPlayLevel: PIE: StaticDuplicateObject took: (0.021005s)
[2017.10.31-12.31.23:814][226]LogAIModule: Creating AISystem for world SideScrollerExampleMap
[2017.10.31-12.31.23:814][226]LogPlayLevel: PIE: World Init took: (0.000916s)
[2017.10.31-12.31.23:815][226]LogPlayLevel: PIE: Created PIE world by copying editor world from /Game/SideScrollerBP/Maps/SideScrollerExampleMap.SideScrollerExampleMap to /Game/SideScrollerBP/Maps/UEDPIE_0_SideScrollerExampleMap.SideScrollerExampleMap (0.022215s)
[2017.10.31-12.31.23:873][226]LogInit: XAudio2 using 'MON-SIS289 (Intel(R) Display Audio)' : 2 channels at 48 kHz using 16 bits per sample (channel mask 0x3)
[2017.10.31-12.31.23:877][226]LogInit: FAudioDevice initialized.
[2017.10.31-12.31.23:912][226]LogLoad: Game class is 'SideScrollerGameMode_C'
[2017.10.31-12.31.23:916][226]LogWorld: Bringing World /Game/SideScrollerBP/Maps/UEDPIE_0_SideScrollerExampleMap.SideScrollerExampleMap up for play (max tick rate 60) at 2017.10.31-12.31.23
[2017.10.31-12.31.23:916][226]LogWorld: Bringing up level for play took: 0.003267
[2017.10.31-12.31.23:917][226]PIE: Play in editor start time for /Game/SideScrollerBP/Maps/UEDPIE_0_SideScrollerExampleMap -0.471
[2017.10.31-12.31.23:918][226]LogBlueprintUserMessages: Late PlayInEditor Detection: Level '/Game/SideScrollerBP/Maps/SideScrollerExampleMap.SideScrollerExampleMap:PersistentLevel' has LevelScriptBlueprint '/Game/SideScrollerBP/Maps/SideScrollerExampleMap.SideScrollerExampleMap:PersistentLevel.SideScrollerExampleMap' with GeneratedClass '/Game/SideScrollerBP/Maps/SideScrollerExampleMap.SideScrollerExampleMap_C' with ClassGeneratedBy '/Game/SideScrollerBP/Maps/SideScrollerExampleMap.SideScrollerExampleMap:PersistentLevel.SideScrollerExampleMap'
[2017.10.31-12.31.35:485][918]LogBlueprintUserMessages: Early EndPlayMap Detection: Level '/Game/SideScrollerBP/Maps/SideScrollerExampleMap.SideScrollerExampleMap:PersistentLevel' has LevelScriptBlueprint '/Game/SideScrollerBP/Maps/SideScrollerExampleMap.SideScrollerExampleMap:PersistentLevel.SideScrollerExampleMap' with GeneratedClass '/Game/SideScrollerBP/Maps/SideScrollerExampleMap.SideScrollerExampleMap_C' with ClassGeneratedBy '/Game/SideScrollerBP/Maps/SideScrollerExampleMap.SideScrollerExampleMap:PersistentLevel.SideScrollerExampleMap'
[2017.10.31-12.31.35:561][918]LogBlueprintUserMessages: Late EndPlayMap Detection: Level '/Game/SideScrollerBP/Maps/SideScrollerExampleMap.SideScrollerExampleMap:PersistentLevel' has LevelScriptBlueprint '/Game/SideScrollerBP/Maps/SideScrollerExampleMap.SideScrollerExampleMap:PersistentLevel.SideScrollerExampleMap' with GeneratedClass '/Game/SideScrollerBP/Maps/SideScrollerExampleMap.SideScrollerExampleMap_C' with ClassGeneratedBy '/Game/SideScrollerBP/Maps/SideScrollerExampleMap.SideScrollerExampleMap:PersistentLevel.SideScrollerExampleMap'
[2017.10.31-12.31.50:129][782]BlueprintLog: New page: Compile SideScrollerExampleMap
[2017.10.31-12.31.51:179][824]LogSavePackage: Save=186.21ms
[2017.10.31-12.31.51:180][824]LogSavePackage: Moving '../../../../../../Users/Leszek/Documents/Unreal Projects/MA_BP/MA_BP/Saved/SideScrollerExampleMap17645CED4BAA98167354F1B1352F2D81.tmp' to '../../../../../../Users/Leszek/Documents/Unreal Projects/MA_BP/MA_BP/Content/SideScrollerBP/Maps/SideScrollerExampleMap.umap'
[2017.10.31-12.31.51:185][824]LogSavePackage: Display: Finished SavePackage ../../../../../../Users/Leszek/Documents/Unreal Projects/MA_BP/MA_BP/Content/SideScrollerBP/Maps/SideScrollerExampleMap.umap
[2017.10.31-12.31.51:204][824]LogFileHelpers: Saving map 'SideScrollerExampleMap' took 0.310
[2017.10.31-12.31.55:221][ 63]LogTemp: Repeating last play command: Selected Viewport
[2017.10.31-12.31.55:232][ 63]LogBlueprintUserMessages: Early PlayInEditor Detection: Level '/Game/SideScrollerBP/Maps/SideScrollerExampleMap.SideScrollerExampleMap:PersistentLevel' has LevelScriptBlueprint '/Game/SideScrollerBP/Maps/SideScrollerExampleMap.SideScrollerExampleMap:PersistentLevel.SideScrollerExampleMap' with GeneratedClass '/Game/SideScrollerBP/Maps/SideScrollerExampleMap.SideScrollerExampleMap_C' with ClassGeneratedBy '/Game/SideScrollerBP/Maps/SideScrollerExampleMap.SideScrollerExampleMap:PersistentLevel.SideScrollerExampleMap'
[2017.10.31-12.31.55:232][ 63]LogPlayLevel: PlayLevel: No blueprints needed recompiling
[2017.10.31-12.31.55:233][ 63]PIE: New page: PIE session: SideScrollerExampleMap (31 Oct 2017 12:31:55)
[2017.10.31-12.31.55:233][ 63]LogPlayLevel: Creating play world package: /Game/SideScrollerBP/Maps/UEDPIE_0_SideScrollerExampleMap
[2017.10.31-12.31.55:258][ 63]LogPlayLevel: PIE: StaticDuplicateObject took: (0.025035s)
[2017.10.31-12.31.55:259][ 63]LogAIModule: Creating AISystem for world SideScrollerExampleMap
[2017.10.31-12.31.55:259][ 63]LogPlayLevel: PIE: World Init took: (0.001187s)
[2017.10.31-12.31.55:260][ 63]LogPlayLevel: PIE: Created PIE world by copying editor world from /Game/SideScrollerBP/Maps/SideScrollerExampleMap.SideScrollerExampleMap to /Game/SideScrollerBP/Maps/UEDPIE_0_SideScrollerExampleMap.SideScrollerExampleMap (0.026698s)
[2017.10.31-12.31.55:306][ 63]LogInit: XAudio2 using 'MON-SIS289 (Intel(R) Display Audio)' : 2 channels at 48 kHz using 16 bits per sample (channel mask 0x3)
[2017.10.31-12.31.55:310][ 63]LogInit: FAudioDevice initialized.
[2017.10.31-12.31.55:345][ 63]LogLoad: Game class is 'SideScrollerGameMode_C'
[2017.10.31-12.31.55:348][ 63]LogWorld: Bringing World /Game/SideScrollerBP/Maps/UEDPIE_0_SideScrollerExampleMap.SideScrollerExampleMap up for play (max tick rate 60) at 2017.10.31-12.31.55
[2017.10.31-12.31.55:349][ 63]LogWorld: Bringing up level for play took: 0.003052
[2017.10.31-12.31.55:350][ 63]PIE: Play in editor start time for /Game/SideScrollerBP/Maps/UEDPIE_0_SideScrollerExampleMap 0.962
[2017.10.31-12.31.55:350][ 63]LogBlueprintUserMessages: Late PlayInEditor Detection: Level '/Game/SideScrollerBP/Maps/SideScrollerExampleMap.SideScrollerExampleMap:PersistentLevel' has LevelScriptBlueprint '/Game/SideScrollerBP/Maps/SideScrollerExampleMap.SideScrollerExampleMap:PersistentLevel.SideScrollerExampleMap' with GeneratedClass '/Game/SideScrollerBP/Maps/SideScrollerExampleMap.SideScrollerExampleMap_C' with ClassGeneratedBy '/Game/SideScrollerBP/Maps/SideScrollerExampleMap.SideScrollerExampleMap:PersistentLevel.SideScrollerExampleMap'
[2017.10.31-12.32.04:595][616]LogBlueprintUserMessages: Early EndPlayMap Detection: Level '/Game/SideScrollerBP/Maps/SideScrollerExampleMap.SideScrollerExampleMap:PersistentLevel' has LevelScriptBlueprint '/Game/SideScrollerBP/Maps/SideScrollerExampleMap.SideScrollerExampleMap:PersistentLevel.SideScrollerExampleMap' with GeneratedClass '/Game/SideScrollerBP/Maps/SideScrollerExampleMap.SideScrollerExampleMap_C' with ClassGeneratedBy '/Game/SideScrollerBP/Maps/SideScrollerExampleMap.SideScrollerExampleMap:PersistentLevel.SideScrollerExampleMap'
[2017.10.31-12.32.04:674][616]LogBlueprintUserMessages: Late EndPlayMap Detection: Level '/Game/SideScrollerBP/Maps/SideScrollerExampleMap.SideScrollerExampleMap:PersistentLevel' has LevelScriptBlueprint '/Game/SideScrollerBP/Maps/SideScrollerExampleMap.SideScrollerExampleMap:PersistentLevel.SideScrollerExampleMap' with GeneratedClass '/Game/SideScrollerBP/Maps/SideScrollerExampleMap.SideScrollerExampleMap_C' with ClassGeneratedBy '/Game/SideScrollerBP/Maps/SideScrollerExampleMap.SideScrollerExampleMap:PersistentLevel.SideScrollerExampleMap'
[2017.10.31-12.32.14:589][200]BlueprintLog: New page: Compile SideScrollerExampleMap
[2017.10.31-12.32.17:328][361]LogTemp: Repeating last play command: Selected Viewport
[2017.10.31-12.32.17:342][361]LogBlueprintUserMessages: Early PlayInEditor Detection: Level '/Game/SideScrollerBP/Maps/SideScrollerExampleMap.SideScrollerExampleMap:PersistentLevel' has LevelScriptBlueprint '/Game/SideScrollerBP/Maps/SideScrollerExampleMap.SideScrollerExampleMap:PersistentLevel.SideScrollerExampleMap' with GeneratedClass '/Game/SideScrollerBP/Maps/SideScrollerExampleMap.SideScrollerExampleMap_C' with ClassGeneratedBy '/Game/SideScrollerBP/Maps/SideScrollerExampleMap.SideScrollerExampleMap:PersistentLevel.SideScrollerExampleMap'
[2017.10.31-12.32.17:342][361]LogPlayLevel: PlayLevel: No blueprints needed recompiling
[2017.10.31-12.32.17:342][361]PIE: New page: PIE session: SideScrollerExampleMap (31 Oct 2017 12:32:17)
[2017.10.31-12.32.17:342][361]LogPlayLevel: Creating play world package: /Game/SideScrollerBP/Maps/UEDPIE_0_SideScrollerExampleMap
[2017.10.31-12.32.17:367][361]LogPlayLevel: PIE: StaticDuplicateObject took: (0.024222s)
[2017.10.31-12.32.17:367][361]LogAIModule: Creating AISystem for world SideScrollerExampleMap
[2017.10.31-12.32.17:368][361]LogPlayLevel: PIE: World Init took: (0.001047s)
[2017.10.31-12.32.17:368][361]LogPlayLevel: PIE: Created PIE world by copying editor world from /Game/SideScrollerBP/Maps/SideScrollerExampleMap.SideScrollerExampleMap to /Game/SideScrollerBP/Maps/UEDPIE_0_SideScrollerExampleMap.SideScrollerExampleMap (0.025581s)
[2017.10.31-12.32.17:421][361]LogInit: XAudio2 using 'MON-SIS289 (Intel(R) Display Audio)' : 2 channels at 48 kHz using 16 bits per sample (channel mask 0x3)
[2017.10.31-12.32.17:429][361]LogInit: FAudioDevice initialized.
[2017.10.31-12.32.17:461][361]LogLoad: Game class is 'SideScrollerGameMode_C'
[2017.10.31-12.32.17:465][361]LogWorld: Bringing World /Game/SideScrollerBP/Maps/UEDPIE_0_SideScrollerExampleMap.SideScrollerExampleMap up for play (max tick rate 60) at 2017.10.31-12.32.17
[2017.10.31-12.32.17:465][361]LogWorld: Bringing up level for play took: 0.003865
[2017.10.31-12.32.17:467][361]PIE: Play in editor start time for /Game/SideScrollerBP/Maps/UEDPIE_0_SideScrollerExampleMap 1.079
[2017.10.31-12.32.17:467][361]LogBlueprintUserMessages: Late PlayInEditor Detection: Level '/Game/SideScrollerBP/Maps/SideScrollerExampleMap.SideScrollerExampleMap:PersistentLevel' has LevelScriptBlueprint '/Game/SideScrollerBP/Maps/SideScrollerExampleMap.SideScrollerExampleMap:PersistentLevel.SideScrollerExampleMap' with GeneratedClass '/Game/SideScrollerBP/Maps/SideScrollerExampleMap.SideScrollerExampleMap_C' with ClassGeneratedBy '/Game/SideScrollerBP/Maps/SideScrollerExampleMap.SideScrollerExampleMap:PersistentLevel.SideScrollerExampleMap'
[2017.10.31-12.32.36:122][478]LogBlueprintUserMessages: Early EndPlayMap Detection: Level '/Game/SideScrollerBP/Maps/SideScrollerExampleMap.SideScrollerExampleMap:PersistentLevel' has LevelScriptBlueprint '/Game/SideScrollerBP/Maps/SideScrollerExampleMap.SideScrollerExampleMap:PersistentLevel.SideScrollerExampleMap' with GeneratedClass '/Game/SideScrollerBP/Maps/SideScrollerExampleMap.SideScrollerExampleMap_C' with ClassGeneratedBy '/Game/SideScrollerBP/Maps/SideScrollerExampleMap.SideScrollerExampleMap:PersistentLevel.SideScrollerExampleMap'
[2017.10.31-12.32.36:204][478]LogBlueprintUserMessages: Late EndPlayMap Detection: Level '/Game/SideScrollerBP/Maps/SideScrollerExampleMap.SideScrollerExampleMap:PersistentLevel' has LevelScriptBlueprint '/Game/SideScrollerBP/Maps/SideScrollerExampleMap.SideScrollerExampleMap:PersistentLevel.SideScrollerExampleMap' with GeneratedClass '/Game/SideScrollerBP/Maps/SideScrollerExampleMap.SideScrollerExampleMap_C' with ClassGeneratedBy '/Game/SideScrollerBP/Maps/SideScrollerExampleMap.SideScrollerExampleMap:PersistentLevel.SideScrollerExampleMap'
[2017.10.31-12.33.10:908][541]BlueprintLog: New page: Compile SideScrollerExampleMap
[2017.10.31-12.33.13:090][668]LogTemp: Repeating last play command: Selected Viewport
[2017.10.31-12.33.13:102][668]LogBlueprintUserMessages: Early PlayInEditor Detection: Level '/Game/SideScrollerBP/Maps/SideScrollerExampleMap.SideScrollerExampleMap:PersistentLevel' has LevelScriptBlueprint '/Game/SideScrollerBP/Maps/SideScrollerExampleMap.SideScrollerExampleMap:PersistentLevel.SideScrollerExampleMap' with GeneratedClass '/Game/SideScrollerBP/Maps/SideScrollerExampleMap.SideScrollerExampleMap_C' with ClassGeneratedBy '/Game/SideScrollerBP/Maps/SideScrollerExampleMap.SideScrollerExampleMap:PersistentLevel.SideScrollerExampleMap'
[2017.10.31-12.33.13:103][668]LogPlayLevel: PlayLevel: No blueprints needed recompiling
[2017.10.31-12.33.13:103][668]PIE: New page: PIE session: SideScrollerExampleMap (31 Oct 2017 12:33:13)
[2017.10.31-12.33.13:103][668]LogPlayLevel: Creating play world package: /Game/SideScrollerBP/Maps/UEDPIE_0_SideScrollerExampleMap
[2017.10.31-12.33.13:126][668]LogPlayLevel: PIE: StaticDuplicateObject took: (0.023381s)
[2017.10.31-12.33.13:127][668]LogAIModule: Creating AISystem for world SideScrollerExampleMap
[2017.10.31-12.33.13:127][668]LogPlayLevel: PIE: World Init took: (0.001063s)
[2017.10.31-12.33.13:127][668]LogPlayLevel: PIE: Created PIE world by copying editor world from /Game/SideScrollerBP/Maps/SideScrollerExampleMap.SideScrollerExampleMap to /Game/SideScrollerBP/Maps/UEDPIE_0_SideScrollerExampleMap.SideScrollerExampleMap (0.024789s)
[2017.10.31-12.33.13:173][668]LogInit: XAudio2 using 'MON-SIS289 (Intel(R) Display Audio)' : 2 channels at 48 kHz using 16 bits per sample (channel mask 0x3)
[2017.10.31-12.33.13:176][668]LogInit: FAudioDevice initialized.
[2017.10.31-12.33.13:212][668]LogLoad: Game class is 'SideScrollerGameMode_C'
[2017.10.31-12.33.13:215][668]LogWorld: Bringing World /Game/SideScrollerBP/Maps/UEDPIE_0_SideScrollerExampleMap.SideScrollerExampleMap up for play (max tick rate 60) at 2017.10.31-12.33.13
[2017.10.31-12.33.13:215][668]LogWorld: Bringing up level for play took: 0.002658
[2017.10.31-12.33.13:216][668]PIE: Play in editor start time for /Game/SideScrollerBP/Maps/UEDPIE_0_SideScrollerExampleMap 0.828
[2017.10.31-12.33.13:216][668]LogBlueprintUserMessages: Late PlayInEditor Detection: Level '/Game/SideScrollerBP/Maps/SideScrollerExampleMap.SideScrollerExampleMap:PersistentLevel' has LevelScriptBlueprint '/Game/SideScrollerBP/Maps/SideScrollerExampleMap.SideScrollerExampleMap:PersistentLevel.SideScrollerExampleMap' with GeneratedClass '/Game/SideScrollerBP/Maps/SideScrollerExampleMap.SideScrollerExampleMap_C' with ClassGeneratedBy '/Game/SideScrollerBP/Maps/SideScrollerExampleMap.SideScrollerExampleMap:PersistentLevel.SideScrollerExampleMap'
[2017.10.31-12.33.22:731][237]LogBlueprintUserMessages: Early EndPlayMap Detection: Level '/Game/SideScrollerBP/Maps/SideScrollerExampleMap.SideScrollerExampleMap:PersistentLevel' has LevelScriptBlueprint '/Game/SideScrollerBP/Maps/SideScrollerExampleMap.SideScrollerExampleMap:PersistentLevel.SideScrollerExampleMap' with GeneratedClass '/Game/SideScrollerBP/Maps/SideScrollerExampleMap.SideScrollerExampleMap_C' with ClassGeneratedBy '/Game/SideScrollerBP/Maps/SideScrollerExampleMap.SideScrollerExampleMap:PersistentLevel.SideScrollerExampleMap'
[2017.10.31-12.33.22:809][237]LogBlueprintUserMessages: Late EndPlayMap Detection: Level '/Game/SideScrollerBP/Maps/SideScrollerExampleMap.SideScrollerExampleMap:PersistentLevel' has LevelScriptBlueprint '/Game/SideScrollerBP/Maps/SideScrollerExampleMap.SideScrollerExampleMap:PersistentLevel.SideScrollerExampleMap' with GeneratedClass '/Game/SideScrollerBP/Maps/SideScrollerExampleMap.SideScrollerExampleMap_C' with ClassGeneratedBy '/Game/SideScrollerBP/Maps/SideScrollerExampleMap.SideScrollerExampleMap:PersistentLevel.SideScrollerExampleMap'
[2017.10.31-12.34.14:031][298]BlueprintLog: New page: Compile SideScrollerExampleMap
[2017.10.31-12.34.15:843][402]LogTemp: Repeating last play command: Selected Viewport
[2017.10.31-12.34.15:855][402]LogBlueprintUserMessages: Early PlayInEditor Detection: Level '/Game/SideScrollerBP/Maps/SideScrollerExampleMap.SideScrollerExampleMap:PersistentLevel' has LevelScriptBlueprint '/Game/SideScrollerBP/Maps/SideScrollerExampleMap.SideScrollerExampleMap:PersistentLevel.SideScrollerExampleMap' with GeneratedClass '/Game/SideScrollerBP/Maps/SideScrollerExampleMap.SideScrollerExampleMap_C' with ClassGeneratedBy '/Game/SideScrollerBP/Maps/SideScrollerExampleMap.SideScrollerExampleMap:PersistentLevel.SideScrollerExampleMap'
[2017.10.31-12.34.15:855][402]LogPlayLevel: PlayLevel: No blueprints needed recompiling
[2017.10.31-12.34.15:856][402]PIE: New page: PIE session: SideScrollerExampleMap (31 Oct 2017 12:34:15)
[2017.10.31-12.34.15:856][402]LogPlayLevel: Creating play world package: /Game/SideScrollerBP/Maps/UEDPIE_0_SideScrollerExampleMap
[2017.10.31-12.34.15:880][402]LogPlayLevel: PIE: StaticDuplicateObject took: (0.024384s)
[2017.10.31-12.34.15:881][402]LogAIModule: Creating AISystem for world SideScrollerExampleMap
[2017.10.31-12.34.15:881][402]LogPlayLevel: PIE: World Init took: (0.001130s)
[2017.10.31-12.34.15:881][402]LogPlayLevel: PIE: Created PIE world by copying editor world from /Game/SideScrollerBP/Maps/SideScrollerExampleMap.SideScrollerExampleMap to /Game/SideScrollerBP/Maps/UEDPIE_0_SideScrollerExampleMap.SideScrollerExampleMap (0.025895s)
[2017.10.31-12.34.15:933][402]LogInit: XAudio2 using 'MON-SIS289 (Intel(R) Display Audio)' : 2 channels at 48 kHz using 16 bits per sample (channel mask 0x3)
[2017.10.31-12.34.15:937][402]LogInit: FAudioDevice initialized.
[2017.10.31-12.34.15:973][402]LogLoad: Game class is 'SideScrollerGameMode_C'
[2017.10.31-12.34.15:977][402]LogWorld: Bringing World /Game/SideScrollerBP/Maps/UEDPIE_0_SideScrollerExampleMap.SideScrollerExampleMap up for play (max tick rate 60) at 2017.10.31-12.34.15
[2017.10.31-12.34.15:978][402]LogWorld: Bringing up level for play took: 0.003661
[2017.10.31-12.34.15:978][402]PIE: Play in editor start time for /Game/SideScrollerBP/Maps/UEDPIE_0_SideScrollerExampleMap -0.409
[2017.10.31-12.34.15:979][402]LogBlueprintUserMessages: Late PlayInEditor Detection: Level '/Game/SideScrollerBP/Maps/SideScrollerExampleMap.SideScrollerExampleMap:PersistentLevel' has LevelScriptBlueprint '/Game/SideScrollerBP/Maps/SideScrollerExampleMap.SideScrollerExampleMap:PersistentLevel.SideScrollerExampleMap' with GeneratedClass '/Game/SideScrollerBP/Maps/SideScrollerExampleMap.SideScrollerExampleMap_C' with ClassGeneratedBy '/Game/SideScrollerBP/Maps/SideScrollerExampleMap.SideScrollerExampleMap:PersistentLevel.SideScrollerExampleMap'
[2017.10.31-12.34.23:391][845]LogBlueprintUserMessages: Early EndPlayMap Detection: Level '/Game/SideScrollerBP/Maps/SideScrollerExampleMap.SideScrollerExampleMap:PersistentLevel' has LevelScriptBlueprint '/Game/SideScrollerBP/Maps/SideScrollerExampleMap.SideScrollerExampleMap:PersistentLevel.SideScrollerExampleMap' with GeneratedClass '/Game/SideScrollerBP/Maps/SideScrollerExampleMap.SideScrollerExampleMap_C' with ClassGeneratedBy '/Game/SideScrollerBP/Maps/SideScrollerExampleMap.SideScrollerExampleMap:PersistentLevel.SideScrollerExampleMap'
[2017.10.31-12.34.23:469][845]LogBlueprintUserMessages: Late EndPlayMap Detection: Level '/Game/SideScrollerBP/Maps/SideScrollerExampleMap.SideScrollerExampleMap:PersistentLevel' has LevelScriptBlueprint '/Game/SideScrollerBP/Maps/SideScrollerExampleMap.SideScrollerExampleMap:PersistentLevel.SideScrollerExampleMap' with GeneratedClass '/Game/SideScrollerBP/Maps/SideScrollerExampleMap.SideScrollerExampleMap_C' with ClassGeneratedBy '/Game/SideScrollerBP/Maps/SideScrollerExampleMap.SideScrollerExampleMap:PersistentLevel.SideScrollerExampleMap'
[2017.10.31-12.34.33:639][433]LogSavePackage: Save=187.63ms
[2017.10.31-12.34.33:639][433]LogSavePackage: Moving '../../../../../../Users/Leszek/Documents/Unreal Projects/MA_BP/MA_BP/Saved/SideScrollerExampleMapD109F64D4D8FD08C2083CEB6E33A93BB.tmp' to '../../../../../../Users/Leszek/Documents/Unreal Projects/MA_BP/MA_BP/Content/SideScrollerBP/Maps/SideScrollerExampleMap.umap'
[2017.10.31-12.34.33:649][433]LogSavePackage: Display: Finished SavePackage ../../../../../../Users/Leszek/Documents/Unreal Projects/MA_BP/MA_BP/Content/SideScrollerBP/Maps/SideScrollerExampleMap.umap
[2017.10.31-12.34.33:912][433]LogSavePackage: Save=213.06ms
[2017.10.31-12.34.33:912][433]LogSavePackage: Moving '../../../../../../Users/Leszek/Documents/Unreal Projects/MA_BP/MA_BP/Saved/SideScrollerExampleMap_BuiltDataFB4223E44E28D47BD695418225324409.tmp' to '../../../../../../Users/Leszek/Documents/Unreal Projects/MA_BP/MA_BP/Content/SideScrollerBP/Maps/SideScrollerExampleMap_BuiltData.uasset'
[2017.10.31-12.34.33:915][433]LogSavePackage: Display: Finished SavePackage ../../../../../../Users/Leszek/Documents/Unreal Projects/MA_BP/MA_BP/Content/SideScrollerBP/Maps/SideScrollerExampleMap_BuiltData.uasset
